2012/12/07 14:44:14 INFO  - jmeter.util.JMeterUtils: Setting Locale to en_US 
2012/12/07 14:44:14 INFO  - jmeter.JMeter: Loading user properties from: /usr/jmeter/apache-jmeter-2.8/bin/user.properties 
2012/12/07 14:44:14 INFO  - jmeter.JMeter: Loading system properties from: /usr/jmeter/apache-jmeter-2.8/bin/system.properties 
2012/12/07 14:44:14 INFO  - jmeter.JMeter: Setting JMeter property: ip.results.dir=/home/jmeter/ip1 
2012/12/07 14:44:14 INFO  - jmeter.JMeter: Setting JMeter property: ip.num.threads=25 
2012/12/07 14:44:14 INFO  - jmeter.JMeter: Setting JMeter property: ip.test.duration=900 
2012/12/07 14:44:14 INFO  - jmeter.JMeter: Copyright (c) 1998-2012 The Apache Software Foundation 
2012/12/07 14:44:14 INFO  - jmeter.JMeter: Version 2.8 r1393162 
2012/12/07 14:44:14 INFO  - jmeter.JMeter: java.version=1.6.0_37 
2012/12/07 14:44:14 INFO  - jmeter.JMeter: java.vm.name=Java HotSpot(TM) 64-Bit Server VM 
2012/12/07 14:44:14 INFO  - jmeter.JMeter: os.name=Linux 
2012/12/07 14:44:14 INFO  - jmeter.JMeter: os.arch=amd64 
2012/12/07 14:44:14 INFO  - jmeter.JMeter: os.version=2.6.32-220.el6.x86_64 
2012/12/07 14:44:14 INFO  - jmeter.JMeter: file.encoding=ANSI_X3.4-1968 
2012/12/07 14:44:14 INFO  - jmeter.JMeter: Default Locale=English (United States) 
2012/12/07 14:44:14 INFO  - jmeter.JMeter: JMeter  Locale=English (United States) 
2012/12/07 14:44:14 INFO  - jmeter.JMeter: JMeterHome=/usr/jmeter/apache-jmeter-2.8 
2012/12/07 14:44:14 INFO  - jmeter.JMeter: user.dir  =/usr/jmeter/apache-jmeter-2.8/bin 
2012/12/07 14:44:14 INFO  - jmeter.JMeter: PWD       =/usr/jmeter/apache-jmeter-2.8/bin 
2012/12/07 14:44:14 INFO  - jmeter.JMeter: IP: 10.29.35.200 Name: aws1devipa1.ipqa.ctgrd.com FullName: ip-10-29-35-200.ec2.internal 
2012/12/07 14:44:14 INFO  - jmeter.services.FileServer: Default base='/usr/jmeter/apache-jmeter-2.8/bin' 
2012/12/07 14:44:14 INFO  - jmeter.services.FileServer: Set new base='/home/jmeter/ip1/testplans' 
2012/12/07 14:44:14 INFO  - jmeter.JMeter: Loading file: /home/jmeter/ip1/testplans/IP1_BPP.jmx 
2012/12/07 14:44:15 INFO  - jmeter.save.SaveService: Testplan (JMX) version: 2.2. Testlog (JTL) version: 2.2 
2012/12/07 14:44:15 INFO  - jmeter.save.SaveService: Using SaveService properties file encoding UTF-8 
2012/12/07 14:44:15 INFO  - jmeter.save.SaveService: Using SaveService properties file version 1382180 
2012/12/07 14:44:15 INFO  - jmeter.save.SaveService: Using SaveService properties version 2.3 
2012/12/07 14:44:15 INFO  - jmeter.save.SaveService: All converter versions present and correct 
2012/12/07 14:44:15 INFO  - jmeter.util.NameUpdater: Processing jar:file:/usr/jmeter/apache-jmeter-2.8/lib/ext/JMeterPlugins.jar!/META-INF/resources/org.apache.jmeter.nameupdater.properties 
2012/12/07 14:44:15 INFO  - jmeter.util.NameUpdater: Added additional nameMap entry: kg.apc.jmeter.vizualizers.TotalTransactionsPerSecondGui 
2012/12/07 14:44:15 INFO  - jmeter.protocol.http.control.CookieManager: Settings: Delete null: true Check: true Allow variable: true Save: false Prefix: COOKIE_ 
2012/12/07 14:44:15 INFO  - jmeter.protocol.http.sampler.HTTPSamplerBase: Cannot find .className property for htmlParser, using default 
2012/12/07 14:44:15 INFO  - jmeter.protocol.http.sampler.HTTPSamplerBase: Parser for text/html is  
2012/12/07 14:44:15 INFO  - jmeter.protocol.http.sampler.HTTPSamplerBase: Parser for application/xhtml+xml is  
2012/12/07 14:44:15 INFO  - jmeter.protocol.http.sampler.HTTPSamplerBase: Parser for application/xml is  
2012/12/07 14:44:15 INFO  - jmeter.protocol.http.sampler.HTTPSamplerBase: Parser for text/xml is  
2012/12/07 14:44:15 INFO  - jmeter.protocol.http.sampler.HTTPSamplerBase: Parser for text/vnd.wap.wml is org.apache.jmeter.protocol.http.parser.RegexpHTMLParser 
2012/12/07 14:44:15 INFO  - jmeter.protocol.http.sampler.HTTPSamplerBase: Reuse SSL session context on subsequent iterations: true 
2012/12/07 14:44:16 INFO  - jmeter.engine.StandardJMeterEngine: Listeners will be started after enabling running version 
2012/12/07 14:44:16 INFO  - jmeter.engine.StandardJMeterEngine: To revert to the earlier behaviour, define jmeterengine.startlistenerslater=false 
2012/12/07 14:44:16 INFO  - jmeter.engine.StandardJMeterEngine: Running the test! 
2012/12/07 14:44:16 INFO  - jmeter.engine.util.CompoundVariable: Note: Function class names must contain the string: '.functions.' 
2012/12/07 14:44:16 INFO  - jmeter.engine.util.CompoundVariable: Note: Function class names must not contain the string: '.gui.' 
2012/12/07 14:44:17 INFO  - jmeter.JMeter: Running test (1354920257613) 
2012/12/07 14:44:17 INFO  - jmeter.engine.StandardJMeterEngine: Starting ThreadGroup: 1 : HitBPP_ThreadGroup 
2012/12/07 14:44:17 INFO  - jmeter.engine.StandardJMeterEngine: Starting 25 threads for group HitBPP_ThreadGroup. 
2012/12/07 14:44:17 INFO  - jmeter.engine.StandardJMeterEngine: Thread will continue on error 
2012/12/07 14:44:17 INFO  - kg.apc.jmeter.threads.AbstractSimpleThreadGroup: Starting thread group number 1 threads 25 
2012/12/07 14:44:17 INFO  - jmeter.threads.JMeterThread: jmeterthread.startearlier=true (see jmeter.properties) 
2012/12/07 14:44:17 INFO  - jmeter.threads.JMeterThread: Running PostProcessors in forward order 
2012/12/07 14:44:17 INFO  - jmeter.threads.JMeterThread: Thread started: HitBPP_ThreadGroup 1-1 
2012/12/07 14:44:18 INFO  - kg.apc.jmeter.threads.AbstractSimpleThreadGroup: Started thread group number 1 
2012/12/07 14:44:18 INFO  - jmeter.engine.StandardJMeterEngine: All thread groups have been started 
2012/12/07 14:44:18 INFO  - jmeter.threads.JMeterThread: Thread started: HitBPP_ThreadGroup 1-2 
2012/12/07 14:44:19 INFO  - jmeter.samplers.SampleResult: Note: Sample TimeStamps are START times 
2012/12/07 14:44:19 INFO  - jmeter.samplers.SampleResult: sampleresult.default.encoding is set to ISO-8859-1 
2012/12/07 14:44:19 INFO  - jmeter.samplers.SampleResult: sampleresult.useNanoTime=true 
2012/12/07 14:44:19 INFO  - jmeter.samplers.SampleResult: sampleresult.nanoThreadSleep=5000 
2012/12/07 14:44:19 INFO  - jmeter.threads.JMeterThread: Thread started: HitBPP_ThreadGroup 1-3 
2012/12/07 14:44:20 INFO  - jmeter.threads.JMeterThread: Thread started: HitBPP_ThreadGroup 1-4 
2012/12/07 14:44:21 INFO  - jmeter.threads.JMeterThread: Thread started: HitBPP_ThreadGroup 1-5 
2012/12/07 14:44:21 INFO  - jmeter.protocol.http.sampler.HTTPJavaImpl: Maximum connection retries = 10 
2012/12/07 14:44:51 ERROR - jmeter.protocol.http.sampler.HTTPJavaImpl: readResponse: java.io.IOException: Server returned HTTP response code: 503 for URL: http://ec2.insiderpages.com/b/3709727764 
2012/12/07 14:44:51 ERROR - jmeter.protocol.http.sampler.HTTPJavaImpl: Cause: java.io.IOException: Server returned HTTP response code: 503 for URL: http://ec2.insiderpages.com/b/3709727764 
2012/12/07 14:44:51 ERROR - jmeter.protocol.http.sampler.HTTPJavaImpl: readResponse: java.io.IOException: Server returned HTTP response code: 503 for URL: http://ec2.insiderpages.com/ 
2012/12/07 14:44:51 ERROR - jmeter.protocol.http.sampler.HTTPJavaImpl: Cause: java.io.IOException: Server returned HTTP response code: 503 for URL: http://ec2.insiderpages.com/ 
2012/12/07 14:44:51 INFO  - jmeter.protocol.http.sampler.HTTPJavaImpl: Error Response Code: 503, Server sent no Errorpage 
2012/12/07 14:44:51 ERROR - jmeter.protocol.http.sampler.HTTPJavaImpl: readResponse: java.io.IOException: Server returned HTTP response code: 503 for URL: http://ec2.insiderpages.com/b/3709398381 
2012/12/07 14:44:51 ERROR - jmeter.protocol.http.sampler.HTTPJavaImpl: Cause: java.io.IOException: Server returned HTTP response code: 503 for URL: http://ec2.insiderpages.com/b/3709398381 
2012/12/07 14:44:51 INFO  - jmeter.protocol.http.sampler.HTTPJavaImpl: Error Response Code: 503, Server sent no Errorpage 
2012/12/07 14:44:51 ERROR - jmeter.protocol.http.sampler.HTTPJavaImpl: readResponse: java.io.IOException: Server returned HTTP response code: 503 for URL: http://ec2.insiderpages.com/b/3710408233/villa-pizza-lincoln 
2012/12/07 14:44:51 ERROR - jmeter.protocol.http.sampler.HTTPJavaImpl: Cause: java.io.IOException: Server returned HTTP response code: 503 for URL: http://ec2.insiderpages.com/b/3710408233/villa-pizza-lincoln 
2012/12/07 14:44:51 INFO  - jmeter.protocol.http.sampler.HTTPJavaImpl: Error Response Code: 503, Server sent no Errorpage 
2012/12/07 14:44:51 INFO  - jmeter.protocol.http.sampler.HTTPJavaImpl: Error Response Code: 503, Server sent no Errorpage 
2012/12/07 14:44:51 ERROR - jmeter.protocol.http.sampler.HTTPJavaImpl: readResponse: java.io.IOException: Server returned HTTP response code: 503 for URL: http://ec2.insiderpages.com/b/3710324163 
2012/12/07 14:44:51 ERROR - jmeter.protocol.http.sampler.HTTPJavaImpl: Cause: java.io.IOException: Server returned HTTP response code: 503 for URL: http://ec2.insiderpages.com/b/3710324163 
2012/12/07 14:44:51 INFO  - jmeter.protocol.http.sampler.HTTPJavaImpl: Error Response Code: 503, Server sent no Errorpage 
2012/12/07 14:44:52 INFO  - jmeter.threads.JMeterThread: Thread started: HitBPP_ThreadGroup 1-6 
2012/12/07 14:44:53 INFO  - jmeter.threads.JMeterThread: Thread started: HitBPP_ThreadGroup 1-7 
2012/12/07 14:44:54 INFO  - jmeter.threads.JMeterThread: Thread started: HitBPP_ThreadGroup 1-8 
2012/12/07 14:44:55 INFO  - jmeter.threads.JMeterThread: Thread started: HitBPP_ThreadGroup 1-9 
2012/12/07 14:44:56 INFO  - jmeter.threads.JMeterThread: Thread started: HitBPP_ThreadGroup 1-10 
2012/12/07 14:45:27 INFO  - jmeter.threads.JMeterThread: Thread started: HitBPP_ThreadGroup 1-11 
2012/12/07 14:45:28 INFO  - jmeter.threads.JMeterThread: Thread started: HitBPP_ThreadGroup 1-12 
2012/12/07 14:45:29 INFO  - jmeter.threads.JMeterThread: Thread started: HitBPP_ThreadGroup 1-13 
2012/12/07 14:45:30 INFO  - jmeter.threads.JMeterThread: Thread started: HitBPP_ThreadGroup 1-14 
2012/12/07 14:45:31 INFO  - jmeter.threads.JMeterThread: Thread started: HitBPP_ThreadGroup 1-15 
2012/12/07 14:46:02 INFO  - jmeter.threads.JMeterThread: Thread started: HitBPP_ThreadGroup 1-16 
2012/12/07 14:46:03 INFO  - jmeter.threads.JMeterThread: Thread started: HitBPP_ThreadGroup 1-17 
2012/12/07 14:46:04 INFO  - jmeter.threads.JMeterThread: Thread started: HitBPP_ThreadGroup 1-18 
2012/12/07 14:46:05 INFO  - jmeter.threads.JMeterThread: Thread started: HitBPP_ThreadGroup 1-19 
2012/12/07 14:46:06 INFO  - jmeter.threads.JMeterThread: Thread started: HitBPP_ThreadGroup 1-20 
2012/12/07 14:46:29 ERROR - jmeter.protocol.http.sampler.HTTPJavaImpl: readResponse: java.io.IOException: Server returned HTTP response code: 500 for URL: http://ec2.insiderpages.com/b/3709501539/druid-ice-tuscaloosa 
2012/12/07 14:46:29 ERROR - jmeter.protocol.http.sampler.HTTPJavaImpl: Cause: java.io.IOException: Server returned HTTP response code: 500 for URL: http://ec2.insiderpages.com/b/3709501539/druid-ice-tuscaloosa 
2012/12/07 14:46:29 INFO  - jmeter.protocol.http.sampler.HTTPJavaImpl: Error Response Code: 500 
2012/12/07 14:46:37 INFO  - jmeter.threads.JMeterThread: Thread started: HitBPP_ThreadGroup 1-21 
2012/12/07 14:46:38 INFO  - jmeter.threads.JMeterThread: Thread started: HitBPP_ThreadGroup 1-22 
2012/12/07 14:46:39 ERROR - jmeter.protocol.http.sampler.HTTPJavaImpl: readResponse: java.io.IOException: Server returned HTTP response code: 500 for URL: http://ec2.insiderpages.com/b/3709675704/finishing-touch-el-dorado 
2012/12/07 14:46:39 ERROR - jmeter.protocol.http.sampler.HTTPJavaImpl: Cause: java.io.IOException: Server returned HTTP response code: 500 for URL: http://ec2.insiderpages.com/b/3709675704/finishing-touch-el-dorado 
2012/12/07 14:46:39 INFO  - jmeter.protocol.http.sampler.HTTPJavaImpl: Error Response Code: 500 
2012/12/07 14:46:39 INFO  - jmeter.threads.JMeterThread: Thread started: HitBPP_ThreadGroup 1-23 
2012/12/07 14:46:40 INFO  - jmeter.threads.JMeterThread: Thread started: HitBPP_ThreadGroup 1-24 
2012/12/07 14:46:41 INFO  - jmeter.threads.JMeterThread: Thread started: HitBPP_ThreadGroup 1-25 
2012/12/07 14:47:22 ERROR - jmeter.protocol.http.sampler.HTTPJavaImpl: readResponse: java.io.IOException: Server returned HTTP response code: 500 for URL: http://ec2.insiderpages.com/b/3709535923/metropolitan-courier-svc-inc-birmingham 
2012/12/07 14:47:22 ERROR - jmeter.protocol.http.sampler.HTTPJavaImpl: Cause: java.io.IOException: Server returned HTTP response code: 500 for URL: http://ec2.insiderpages.com/b/3709535923/metropolitan-courier-svc-inc-birmingham 
2012/12/07 14:47:22 INFO  - jmeter.protocol.http.sampler.HTTPJavaImpl: Error Response Code: 500 
2012/12/07 14:47:44 ERROR - jmeter.protocol.http.sampler.HTTPJavaImpl: readResponse: java.io.IOException: Server returned HTTP response code: 500 for URL: http://ec2.insiderpages.com/b/3710365935/s--d-specialty-fontana 
2012/12/07 14:47:44 ERROR - jmeter.protocol.http.sampler.HTTPJavaImpl: Cause: java.io.IOException: Server returned HTTP response code: 500 for URL: http://ec2.insiderpages.com/b/3710365935/s--d-specialty-fontana 
2012/12/07 14:47:44 INFO  - jmeter.protocol.http.sampler.HTTPJavaImpl: Error Response Code: 500 
2012/12/07 14:47:53 ERROR - jmeter.protocol.http.sampler.HTTPJavaImpl: readResponse: java.io.IOException: Server returned HTTP response code: 500 for URL: http://ec2.insiderpages.com/b/3709675477/blytheville-iron--metal-co-blytheville 
2012/12/07 14:47:53 ERROR - jmeter.protocol.http.sampler.HTTPJavaImpl: Cause: java.io.IOException: Server returned HTTP response code: 500 for URL: http://ec2.insiderpages.com/b/3709675477/blytheville-iron--metal-co-blytheville 
2012/12/07 14:47:53 INFO  - jmeter.protocol.http.sampler.HTTPJavaImpl: Error Response Code: 500 
2012/12/07 14:48:43 INFO  - jmeter.protocol.http.sampler.HTTPJavaImpl: Error Response Code: 404 
2012/12/07 14:48:51 ERROR - jmeter.protocol.http.sampler.HTTPJavaImpl: readResponse: java.io.IOException: Server returned HTTP response code: 500 for URL: http://ec2.insiderpages.com/b/3710447286/mindful-body-san-francisco 
2012/12/07 14:48:51 ERROR - jmeter.protocol.http.sampler.HTTPJavaImpl: Cause: java.io.IOException: Server returned HTTP response code: 500 for URL: http://ec2.insiderpages.com/b/3710447286/mindful-body-san-francisco 
2012/12/07 14:48:51 INFO  - jmeter.protocol.http.sampler.HTTPJavaImpl: Error Response Code: 500 
2012/12/07 14:49:11 INFO  - jmeter.protocol.http.sampler.HTTPJavaImpl: Error Response Code: 404 
2012/12/07 14:50:02 ERROR - jmeter.protocol.http.sampler.HTTPJavaImpl: readResponse: java.io.IOException: Server returned HTTP response code: 500 for URL: http://ec2.insiderpages.com/b/3710277937/carols-stained-glass--garden-templeton 
2012/12/07 14:50:02 ERROR - jmeter.protocol.http.sampler.HTTPJavaImpl: Cause: java.io.IOException: Server returned HTTP response code: 500 for URL: http://ec2.insiderpages.com/b/3710277937/carols-stained-glass--garden-templeton 
2012/12/07 14:50:02 INFO  - jmeter.protocol.http.sampler.HTTPJavaImpl: Error Response Code: 500 
2012/12/07 14:50:49 ERROR - jmeter.protocol.http.sampler.HTTPJavaImpl: readResponse: java.io.IOException: Server returned HTTP response code: 500 for URL: http://ec2.insiderpages.com/b/3709622590/mullins-special-occasions-huntsville 
2012/12/07 14:50:49 ERROR - jmeter.protocol.http.sampler.HTTPJavaImpl: Cause: java.io.IOException: Server returned HTTP response code: 500 for URL: http://ec2.insiderpages.com/b/3709622590/mullins-special-occasions-huntsville 
2012/12/07 14:50:49 INFO  - jmeter.protocol.http.sampler.HTTPJavaImpl: Error Response Code: 500 
2012/12/07 14:50:59 ERROR - jmeter.protocol.http.sampler.HTTPJavaImpl: readResponse: java.io.IOException: Server returned HTTP response code: 500 for URL: http://ec2.insiderpages.com/b/3710043219/el-monte-printing-inc-el-monte 
2012/12/07 14:50:59 ERROR - jmeter.protocol.http.sampler.HTTPJavaImpl: Cause: java.io.IOException: Server returned HTTP response code: 500 for URL: http://ec2.insiderpages.com/b/3710043219/el-monte-printing-inc-el-monte 
2012/12/07 14:50:59 INFO  - jmeter.protocol.http.sampler.HTTPJavaImpl: Error Response Code: 500 
2012/12/07 14:51:20 ERROR - jmeter.protocol.http.sampler.HTTPJavaImpl: readResponse: java.io.IOException: Server returned HTTP response code: 500 for URL: http://ec2.insiderpages.com/b/3709536527/r--j-rebuilders-florence 
2012/12/07 14:51:20 ERROR - jmeter.protocol.http.sampler.HTTPJavaImpl: Cause: java.io.IOException: Server returned HTTP response code: 500 for URL: http://ec2.insiderpages.com/b/3709536527/r--j-rebuilders-florence 
2012/12/07 14:51:20 INFO  - jmeter.protocol.http.sampler.HTTPJavaImpl: Error Response Code: 500 
2012/12/07 14:51:41 ERROR - jmeter.protocol.http.sampler.HTTPJavaImpl: readResponse: java.io.IOException: Server returned HTTP response code: 500 for URL: http://ec2.insiderpages.com/b/3709566562/heritage-christian-preschool-oxford 
2012/12/07 14:51:41 ERROR - jmeter.protocol.http.sampler.HTTPJavaImpl: Cause: java.io.IOException: Server returned HTTP response code: 500 for URL: http://ec2.insiderpages.com/b/3709566562/heritage-christian-preschool-oxford 
2012/12/07 14:51:41 INFO  - jmeter.protocol.http.sampler.HTTPJavaImpl: Error Response Code: 500 
2012/12/07 14:53:14 ERROR - jmeter.protocol.http.sampler.HTTPJavaImpl: readResponse: java.io.IOException: Server returned HTTP response code: 500 for URL: http://ec2.insiderpages.com/b/3709669404/edward-jones-springdale-11 
2012/12/07 14:53:14 ERROR - jmeter.protocol.http.sampler.HTTPJavaImpl: Cause: java.io.IOException: Server returned HTTP response code: 500 for URL: http://ec2.insiderpages.com/b/3709669404/edward-jones-springdale-11 
2012/12/07 14:53:14 INFO  - jmeter.protocol.http.sampler.HTTPJavaImpl: Error Response Code: 500 
2012/12/07 14:54:10 ERROR - jmeter.protocol.http.sampler.HTTPJavaImpl: readResponse: java.io.IOException: Server returned HTTP response code: 500 for URL: http://ec2.insiderpages.com/b/3709466719/beno-robert-m-montgomery 
2012/12/07 14:54:10 ERROR - jmeter.protocol.http.sampler.HTTPJavaImpl: Cause: java.io.IOException: Server returned HTTP response code: 500 for URL: http://ec2.insiderpages.com/b/3709466719/beno-robert-m-montgomery 
2012/12/07 14:54:10 INFO  - jmeter.protocol.http.sampler.HTTPJavaImpl: Error Response Code: 500 
2012/12/07 14:54:52 ERROR - jmeter.protocol.http.sampler.HTTPJavaImpl: readResponse: java.io.IOException: Server returned HTTP response code: 500 for URL: http://ec2.insiderpages.com/b/3709530066/mullins-body-shop-llc-cullman 
2012/12/07 14:54:52 ERROR - jmeter.protocol.http.sampler.HTTPJavaImpl: Cause: java.io.IOException: Server returned HTTP response code: 500 for URL: http://ec2.insiderpages.com/b/3709530066/mullins-body-shop-llc-cullman 
2012/12/07 14:54:52 INFO  - jmeter.protocol.http.sampler.HTTPJavaImpl: Error Response Code: 500 
2012/12/07 14:56:11 ERROR - jmeter.protocol.http.sampler.HTTPJavaImpl: readResponse: java.io.IOException: Server returned HTTP response code: 500 for URL: http://ec2.insiderpages.com/b/3709751366/print-mania-arkadelphia 
2012/12/07 14:56:11 ERROR - jmeter.protocol.http.sampler.HTTPJavaImpl: Cause: java.io.IOException: Server returned HTTP response code: 500 for URL: http://ec2.insiderpages.com/b/3709751366/print-mania-arkadelphia 
2012/12/07 14:56:11 INFO  - jmeter.protocol.http.sampler.HTTPJavaImpl: Error Response Code: 500 
2012/12/07 14:56:23 INFO  - jmeter.protocol.http.sampler.HTTPJavaImpl: Error Response Code: 404 
2012/12/07 14:58:32 ERROR - jmeter.protocol.http.sampler.HTTPJavaImpl: readResponse: java.io.IOException: Server returned HTTP response code: 500 for URL: http://ec2.insiderpages.com/b/3709421795/graphicworks-inc-anchorage 
2012/12/07 14:58:32 ERROR - jmeter.protocol.http.sampler.HTTPJavaImpl: Cause: java.io.IOException: Server returned HTTP response code: 500 for URL: http://ec2.insiderpages.com/b/3709421795/graphicworks-inc-anchorage 
2012/12/07 14:58:32 INFO  - jmeter.protocol.http.sampler.HTTPJavaImpl: Error Response Code: 500 
2012/12/07 14:59:24 ERROR - jmeter.protocol.http.sampler.HTTPJavaImpl: readResponse: java.io.IOException: Server returned HTTP response code: 500 for URL: http://ec2.insiderpages.com/b/3710354117/mcr-real-estate--property-stockton 
2012/12/07 14:59:24 ERROR - jmeter.protocol.http.sampler.HTTPJavaImpl: Cause: java.io.IOException: Server returned HTTP response code: 500 for URL: http://ec2.insiderpages.com/b/3710354117/mcr-real-estate--property-stockton 
2012/12/07 14:59:24 INFO  - jmeter.protocol.http.sampler.HTTPJavaImpl: Error Response Code: 500 
2012/12/07 14:59:38 ERROR - jmeter.protocol.http.sampler.HTTPJavaImpl: readResponse: java.io.IOException: Server returned HTTP response code: 500 for URL: http://ec2.insiderpages.com/b/3709717782/supercuts-fayetteville-1 
2012/12/07 14:59:38 ERROR - jmeter.protocol.http.sampler.HTTPJavaImpl: Cause: java.io.IOException: Server returned HTTP response code: 500 for URL: http://ec2.insiderpages.com/b/3709717782/supercuts-fayetteville-1 
2012/12/07 14:59:38 INFO  - jmeter.protocol.http.sampler.HTTPJavaImpl: Error Response Code: 500 
2012/12/07 15:01:43 INFO  - jmeter.threads.JMeterThread: Thread finished: HitBPP_ThreadGroup 1-5 
2012/12/07 15:01:43 INFO  - jmeter.threads.JMeterThread: Thread finished: HitBPP_ThreadGroup 1-4 
2012/12/07 15:01:43 INFO  - jmeter.threads.JMeterThread: Thread finished: HitBPP_ThreadGroup 1-1 
2012/12/07 15:01:43 INFO  - jmeter.threads.JMeterThread: Thread finished: HitBPP_ThreadGroup 1-8 
2012/12/07 15:01:44 INFO  - jmeter.threads.JMeterThread: Thread finished: HitBPP_ThreadGroup 1-2 
2012/12/07 15:01:44 INFO  - jmeter.threads.JMeterThread: Thread finished: HitBPP_ThreadGroup 1-6 
2012/12/07 15:01:44 INFO  - jmeter.threads.JMeterThread: Thread finished: HitBPP_ThreadGroup 1-3 
2012/12/07 15:01:44 INFO  - jmeter.threads.JMeterThread: Thread finished: HitBPP_ThreadGroup 1-10 
2012/12/07 15:01:45 INFO  - jmeter.threads.JMeterThread: Thread finished: HitBPP_ThreadGroup 1-14 
2012/12/07 15:01:45 INFO  - jmeter.threads.JMeterThread: Thread finished: HitBPP_ThreadGroup 1-9 
2012/12/07 15:01:45 INFO  - jmeter.threads.JMeterThread: Thread finished: HitBPP_ThreadGroup 1-12 
2012/12/07 15:01:46 INFO  - jmeter.threads.JMeterThread: Thread finished: HitBPP_ThreadGroup 1-20 
2012/12/07 15:01:46 INFO  - jmeter.threads.JMeterThread: Thread finished: HitBPP_ThreadGroup 1-11 
2012/12/07 15:01:46 INFO  - jmeter.threads.JMeterThread: Thread finished: HitBPP_ThreadGroup 1-18 
2012/12/07 15:01:46 INFO  - jmeter.threads.JMeterThread: Thread finished: HitBPP_ThreadGroup 1-7 
2012/12/07 15:01:47 INFO  - jmeter.threads.JMeterThread: Thread finished: HitBPP_ThreadGroup 1-17 
2012/12/07 15:01:47 INFO  - jmeter.threads.JMeterThread: Thread finished: HitBPP_ThreadGroup 1-24 
2012/12/07 15:01:47 INFO  - jmeter.threads.JMeterThread: Thread finished: HitBPP_ThreadGroup 1-15 
2012/12/07 15:01:47 INFO  - jmeter.threads.JMeterThread: Thread finished: HitBPP_ThreadGroup 1-19 
2012/12/07 15:01:47 INFO  - jmeter.threads.JMeterThread: Thread finished: HitBPP_ThreadGroup 1-22 
2012/12/07 15:01:48 INFO  - jmeter.threads.JMeterThread: Thread finished: HitBPP_ThreadGroup 1-13 
2012/12/07 15:01:48 INFO  - jmeter.threads.JMeterThread: Thread finished: HitBPP_ThreadGroup 1-21 
2012/12/07 15:01:48 INFO  - jmeter.threads.JMeterThread: Thread finished: HitBPP_ThreadGroup 1-23 
2012/12/07 15:01:49 INFO  - jmeter.threads.JMeterThread: Thread finished: HitBPP_ThreadGroup 1-16 
2012/12/07 15:01:50 INFO  - jmeter.threads.JMeterThread: Thread finished: HitBPP_ThreadGroup 1-25 
2012/12/07 15:01:50 INFO  - jmeter.engine.StandardJMeterEngine: Notifying test listeners of end of test 
