2012/12/06 16:46:00 INFO  - jmeter.util.JMeterUtils: Setting Locale to en_US 
2012/12/06 16:46:00 INFO  - jmeter.JMeter: Loading user properties from: /usr/jmeter/apache-jmeter-2.8/bin/user.properties 
2012/12/06 16:46:00 INFO  - jmeter.JMeter: Loading system properties from: /usr/jmeter/apache-jmeter-2.8/bin/system.properties 
2012/12/06 16:46:00 INFO  - jmeter.JMeter: Setting JMeter property: ip.results.dir=/home/jmeter/ip1 
2012/12/06 16:46:00 INFO  - jmeter.JMeter: Setting JMeter property: ip.num.threads=25 
2012/12/06 16:46:00 INFO  - jmeter.JMeter: Setting JMeter property: ip.test.duration=900 
2012/12/06 16:46:00 INFO  - jmeter.JMeter: Copyright (c) 1998-2012 The Apache Software Foundation 
2012/12/06 16:46:00 INFO  - jmeter.JMeter: Version 2.8 r1393162 
2012/12/06 16:46:00 INFO  - jmeter.JMeter: java.version=1.6.0_37 
2012/12/06 16:46:00 INFO  - jmeter.JMeter: java.vm.name=Java HotSpot(TM) 64-Bit Server VM 
2012/12/06 16:46:00 INFO  - jmeter.JMeter: os.name=Linux 
2012/12/06 16:46:00 INFO  - jmeter.JMeter: os.arch=amd64 
2012/12/06 16:46:00 INFO  - jmeter.JMeter: os.version=2.6.32-220.el6.x86_64 
2012/12/06 16:46:00 INFO  - jmeter.JMeter: file.encoding=ANSI_X3.4-1968 
2012/12/06 16:46:00 INFO  - jmeter.JMeter: Default Locale=English (United States) 
2012/12/06 16:46:00 INFO  - jmeter.JMeter: JMeter  Locale=English (United States) 
2012/12/06 16:46:00 INFO  - jmeter.JMeter: JMeterHome=/usr/jmeter/apache-jmeter-2.8 
2012/12/06 16:46:00 INFO  - jmeter.JMeter: user.dir  =/usr/jmeter/apache-jmeter-2.8/bin 
2012/12/06 16:46:00 INFO  - jmeter.JMeter: PWD       =/usr/jmeter/apache-jmeter-2.8/bin 
2012/12/06 16:46:00 INFO  - jmeter.JMeter: IP: 10.29.35.200 Name: aws1devipa1.ipqa.ctgrd.com FullName: ip-10-29-35-200.ec2.internal 
2012/12/06 16:46:00 INFO  - jmeter.services.FileServer: Default base='/usr/jmeter/apache-jmeter-2.8/bin' 
2012/12/06 16:46:00 INFO  - jmeter.services.FileServer: Set new base='/home/jmeter/ip1/testplans' 
2012/12/06 16:46:00 INFO  - jmeter.JMeter: Loading file: /home/jmeter/ip1/testplans/IP1_BPP.jmx 
2012/12/06 16:46:01 INFO  - jmeter.save.SaveService: Testplan (JMX) version: 2.2. Testlog (JTL) version: 2.2 
2012/12/06 16:46:01 INFO  - jmeter.save.SaveService: Using SaveService properties file encoding UTF-8 
2012/12/06 16:46:01 INFO  - jmeter.save.SaveService: Using SaveService properties file version 1382180 
2012/12/06 16:46:01 INFO  - jmeter.save.SaveService: Using SaveService properties version 2.3 
2012/12/06 16:46:01 INFO  - jmeter.save.SaveService: All converter versions present and correct 
2012/12/06 16:46:01 INFO  - jmeter.util.NameUpdater: Processing jar:file:/usr/jmeter/apache-jmeter-2.8/lib/ext/JMeterPlugins.jar!/META-INF/resources/org.apache.jmeter.nameupdater.properties 
2012/12/06 16:46:01 INFO  - jmeter.util.NameUpdater: Added additional nameMap entry: kg.apc.jmeter.vizualizers.TotalTransactionsPerSecondGui 
2012/12/06 16:46:01 INFO  - jmeter.protocol.http.control.CookieManager: Settings: Delete null: true Check: true Allow variable: true Save: false Prefix: COOKIE_ 
2012/12/06 16:46:01 INFO  - jmeter.protocol.http.sampler.HTTPSamplerBase: Cannot find .className property for htmlParser, using default 
2012/12/06 16:46:01 INFO  - jmeter.protocol.http.sampler.HTTPSamplerBase: Parser for text/html is  
2012/12/06 16:46:01 INFO  - jmeter.protocol.http.sampler.HTTPSamplerBase: Parser for application/xhtml+xml is  
2012/12/06 16:46:01 INFO  - jmeter.protocol.http.sampler.HTTPSamplerBase: Parser for application/xml is  
2012/12/06 16:46:01 INFO  - jmeter.protocol.http.sampler.HTTPSamplerBase: Parser for text/xml is  
2012/12/06 16:46:01 INFO  - jmeter.protocol.http.sampler.HTTPSamplerBase: Parser for text/vnd.wap.wml is org.apache.jmeter.protocol.http.parser.RegexpHTMLParser 
2012/12/06 16:46:01 INFO  - jmeter.protocol.http.sampler.HTTPSamplerBase: Reuse SSL session context on subsequent iterations: true 
2012/12/06 16:46:02 INFO  - jmeter.engine.StandardJMeterEngine: Listeners will be started after enabling running version 
2012/12/06 16:46:02 INFO  - jmeter.engine.StandardJMeterEngine: To revert to the earlier behaviour, define jmeterengine.startlistenerslater=false 
2012/12/06 16:46:02 INFO  - jmeter.engine.StandardJMeterEngine: Running the test! 
2012/12/06 16:46:02 INFO  - jmeter.engine.util.CompoundVariable: Note: Function class names must contain the string: '.functions.' 
2012/12/06 16:46:02 INFO  - jmeter.engine.util.CompoundVariable: Note: Function class names must not contain the string: '.gui.' 
2012/12/06 16:46:03 INFO  - jmeter.JMeter: Running test (1354841163735) 
2012/12/06 16:46:03 INFO  - jmeter.engine.StandardJMeterEngine: Starting ThreadGroup: 1 : HitBPP_ThreadGroup 
2012/12/06 16:46:03 INFO  - jmeter.engine.StandardJMeterEngine: Starting 25 threads for group HitBPP_ThreadGroup. 
2012/12/06 16:46:03 INFO  - jmeter.engine.StandardJMeterEngine: Thread will continue on error 
2012/12/06 16:46:03 INFO  - kg.apc.jmeter.threads.AbstractSimpleThreadGroup: Starting thread group number 1 threads 25 
2012/12/06 16:46:03 INFO  - jmeter.threads.JMeterThread: jmeterthread.startearlier=true (see jmeter.properties) 
2012/12/06 16:46:03 INFO  - jmeter.threads.JMeterThread: Running PostProcessors in forward order 
2012/12/06 16:46:03 INFO  - jmeter.threads.JMeterThread: Thread started: HitBPP_ThreadGroup 1-1 
2012/12/06 16:46:04 INFO  - kg.apc.jmeter.threads.AbstractSimpleThreadGroup: Started thread group number 1 
2012/12/06 16:46:04 INFO  - jmeter.engine.StandardJMeterEngine: All thread groups have been started 
2012/12/06 16:46:04 INFO  - jmeter.threads.JMeterThread: Thread started: HitBPP_ThreadGroup 1-2 
2012/12/06 16:46:05 INFO  - jmeter.threads.JMeterThread: Thread started: HitBPP_ThreadGroup 1-3 
2012/12/06 16:46:06 INFO  - jmeter.samplers.SampleResult: Note: Sample TimeStamps are START times 
2012/12/06 16:46:06 INFO  - jmeter.samplers.SampleResult: sampleresult.default.encoding is set to ISO-8859-1 
2012/12/06 16:46:06 INFO  - jmeter.samplers.SampleResult: sampleresult.useNanoTime=true 
2012/12/06 16:46:06 INFO  - jmeter.samplers.SampleResult: sampleresult.nanoThreadSleep=5000 
2012/12/06 16:46:06 INFO  - jmeter.threads.JMeterThread: Thread started: HitBPP_ThreadGroup 1-4 
2012/12/06 16:46:07 INFO  - jmeter.threads.JMeterThread: Thread started: HitBPP_ThreadGroup 1-5 
2012/12/06 16:46:09 INFO  - jmeter.protocol.http.sampler.HTTPJavaImpl: Maximum connection retries = 10 
2012/12/06 16:46:33 ERROR - jmeter.protocol.http.sampler.HTTPJavaImpl: readResponse: java.io.IOException: Server returned HTTP response code: 503 for URL: http://ec2.insiderpages.com/b/3709424893 
2012/12/06 16:46:33 ERROR - jmeter.protocol.http.sampler.HTTPJavaImpl: Cause: java.io.IOException: Server returned HTTP response code: 503 for URL: http://ec2.insiderpages.com/b/3709424893 
2012/12/06 16:46:33 INFO  - jmeter.protocol.http.sampler.HTTPJavaImpl: Error Response Code: 503, Server sent no Errorpage 
2012/12/06 16:46:33 ERROR - jmeter.protocol.http.sampler.HTTPJavaImpl: readResponse: java.io.IOException: Server returned HTTP response code: 503 for URL: http://ec2.insiderpages.com/b/3568557340 
2012/12/06 16:46:33 ERROR - jmeter.protocol.http.sampler.HTTPJavaImpl: Cause: java.io.IOException: Server returned HTTP response code: 503 for URL: http://ec2.insiderpages.com/b/3568557340 
2012/12/06 16:46:33 INFO  - jmeter.protocol.http.sampler.HTTPJavaImpl: Error Response Code: 503, Server sent no Errorpage 
2012/12/06 16:46:33 ERROR - jmeter.protocol.http.sampler.HTTPJavaImpl: readResponse: java.io.IOException: Server returned HTTP response code: 503 for URL: http://ec2.insiderpages.com/ 
2012/12/06 16:46:33 ERROR - jmeter.protocol.http.sampler.HTTPJavaImpl: Cause: java.io.IOException: Server returned HTTP response code: 503 for URL: http://ec2.insiderpages.com/ 
2012/12/06 16:46:33 INFO  - jmeter.protocol.http.sampler.HTTPJavaImpl: Error Response Code: 503, Server sent no Errorpage 
2012/12/06 16:46:33 ERROR - jmeter.protocol.http.sampler.HTTPJavaImpl: readResponse: java.io.IOException: Server returned HTTP response code: 503 for URL: http://ec2.insiderpages.com/b/3710162463 
2012/12/06 16:46:33 ERROR - jmeter.protocol.http.sampler.HTTPJavaImpl: Cause: java.io.IOException: Server returned HTTP response code: 503 for URL: http://ec2.insiderpages.com/b/3710162463 
2012/12/06 16:46:33 INFO  - jmeter.protocol.http.sampler.HTTPJavaImpl: Error Response Code: 503, Server sent no Errorpage 
2012/12/06 16:46:33 ERROR - jmeter.protocol.http.sampler.HTTPJavaImpl: readResponse: java.io.IOException: Server returned HTTP response code: 503 for URL: http://ec2.insiderpages.com/ 
2012/12/06 16:46:33 ERROR - jmeter.protocol.http.sampler.HTTPJavaImpl: Cause: java.io.IOException: Server returned HTTP response code: 503 for URL: http://ec2.insiderpages.com/ 
2012/12/06 16:46:33 INFO  - jmeter.protocol.http.sampler.HTTPJavaImpl: Error Response Code: 503, Server sent no Errorpage 
2012/12/06 16:46:38 INFO  - jmeter.threads.JMeterThread: Thread started: HitBPP_ThreadGroup 1-6 
2012/12/06 16:46:39 INFO  - jmeter.threads.JMeterThread: Thread started: HitBPP_ThreadGroup 1-7 
2012/12/06 16:46:40 INFO  - jmeter.threads.JMeterThread: Thread started: HitBPP_ThreadGroup 1-8 
2012/12/06 16:46:41 INFO  - jmeter.threads.JMeterThread: Thread started: HitBPP_ThreadGroup 1-9 
2012/12/06 16:46:42 INFO  - jmeter.threads.JMeterThread: Thread started: HitBPP_ThreadGroup 1-10 
2012/12/06 16:47:13 INFO  - jmeter.threads.JMeterThread: Thread started: HitBPP_ThreadGroup 1-11 
2012/12/06 16:47:14 INFO  - jmeter.threads.JMeterThread: Thread started: HitBPP_ThreadGroup 1-12 
2012/12/06 16:47:15 INFO  - jmeter.threads.JMeterThread: Thread started: HitBPP_ThreadGroup 1-13 
2012/12/06 16:47:16 INFO  - jmeter.threads.JMeterThread: Thread started: HitBPP_ThreadGroup 1-14 
2012/12/06 16:47:17 INFO  - jmeter.threads.JMeterThread: Thread started: HitBPP_ThreadGroup 1-15 
2012/12/06 16:47:48 INFO  - jmeter.threads.JMeterThread: Thread started: HitBPP_ThreadGroup 1-16 
2012/12/06 16:47:49 INFO  - jmeter.threads.JMeterThread: Thread started: HitBPP_ThreadGroup 1-17 
2012/12/06 16:47:50 INFO  - jmeter.threads.JMeterThread: Thread started: HitBPP_ThreadGroup 1-18 
2012/12/06 16:47:51 INFO  - jmeter.threads.JMeterThread: Thread started: HitBPP_ThreadGroup 1-19 
2012/12/06 16:47:52 INFO  - jmeter.threads.JMeterThread: Thread started: HitBPP_ThreadGroup 1-20 
2012/12/06 16:47:55 INFO  - jmeter.protocol.http.sampler.HTTPJavaImpl: Error Response Code: 404 
2012/12/06 16:48:01 ERROR - jmeter.protocol.http.sampler.HTTPJavaImpl: readResponse: java.io.IOException: Server returned HTTP response code: 500 for URL: http://ec2.insiderpages.com/b/3709863130/sippel--carroll-pllc-kingman 
2012/12/06 16:48:01 ERROR - jmeter.protocol.http.sampler.HTTPJavaImpl: Cause: java.io.IOException: Server returned HTTP response code: 500 for URL: http://ec2.insiderpages.com/b/3709863130/sippel--carroll-pllc-kingman 
2012/12/06 16:48:01 INFO  - jmeter.protocol.http.sampler.HTTPJavaImpl: Error Response Code: 500 
2012/12/06 16:48:01 ERROR - jmeter.protocol.http.sampler.HTTPJavaImpl: readResponse: java.io.IOException: Server returned HTTP response code: 500 for URL: http://ec2.insiderpages.com/b/3710023005/melos-gas--gear-bakersfield 
2012/12/06 16:48:01 ERROR - jmeter.protocol.http.sampler.HTTPJavaImpl: Cause: java.io.IOException: Server returned HTTP response code: 500 for URL: http://ec2.insiderpages.com/b/3710023005/melos-gas--gear-bakersfield 
2012/12/06 16:48:01 INFO  - jmeter.protocol.http.sampler.HTTPJavaImpl: Error Response Code: 500 
2012/12/06 16:48:18 ERROR - jmeter.protocol.http.sampler.HTTPJavaImpl: readResponse: java.io.IOException: Server returned HTTP response code: 500 for URL: http://ec2.insiderpages.com/b/3709501918/montgomery-lock--key-inc-montgomery 
2012/12/06 16:48:18 ERROR - jmeter.protocol.http.sampler.HTTPJavaImpl: Cause: java.io.IOException: Server returned HTTP response code: 500 for URL: http://ec2.insiderpages.com/b/3709501918/montgomery-lock--key-inc-montgomery 
2012/12/06 16:48:18 INFO  - jmeter.protocol.http.sampler.HTTPJavaImpl: Error Response Code: 500 
2012/12/06 16:48:23 INFO  - jmeter.threads.JMeterThread: Thread started: HitBPP_ThreadGroup 1-21 
2012/12/06 16:48:24 INFO  - jmeter.threads.JMeterThread: Thread started: HitBPP_ThreadGroup 1-22 
2012/12/06 16:48:25 INFO  - jmeter.threads.JMeterThread: Thread started: HitBPP_ThreadGroup 1-23 
2012/12/06 16:48:26 INFO  - jmeter.threads.JMeterThread: Thread started: HitBPP_ThreadGroup 1-24 
2012/12/06 16:48:27 INFO  - jmeter.threads.JMeterThread: Thread started: HitBPP_ThreadGroup 1-25 
2012/12/06 16:48:30 ERROR - jmeter.protocol.http.sampler.HTTPJavaImpl: readResponse: java.io.IOException: Server returned HTTP response code: 500 for URL: http://ec2.insiderpages.com/b/3709728954/monarch-dental-conway-1 
2012/12/06 16:48:30 ERROR - jmeter.protocol.http.sampler.HTTPJavaImpl: Cause: java.io.IOException: Server returned HTTP response code: 500 for URL: http://ec2.insiderpages.com/b/3709728954/monarch-dental-conway-1 
2012/12/06 16:48:30 INFO  - jmeter.protocol.http.sampler.HTTPJavaImpl: Error Response Code: 500 
2012/12/06 16:49:40 ERROR - jmeter.protocol.http.sampler.HTTPJavaImpl: readResponse: java.io.IOException: Server returned HTTP response code: 500 for URL: http://ec2.insiderpages.com/b/3709584537/herrington-architects-pc-birmingham 
2012/12/06 16:49:40 ERROR - jmeter.protocol.http.sampler.HTTPJavaImpl: Cause: java.io.IOException: Server returned HTTP response code: 500 for URL: http://ec2.insiderpages.com/b/3709584537/herrington-architects-pc-birmingham 
2012/12/06 16:49:40 INFO  - jmeter.protocol.http.sampler.HTTPJavaImpl: Error Response Code: 500 
2012/12/06 16:49:57 ERROR - jmeter.protocol.http.sampler.HTTPJavaImpl: readResponse: java.io.IOException: Server returned HTTP response code: 500 for URL: http://ec2.insiderpages.com/b/3709412945/creekwood-inn-anchorage 
2012/12/06 16:49:57 ERROR - jmeter.protocol.http.sampler.HTTPJavaImpl: Cause: java.io.IOException: Server returned HTTP response code: 500 for URL: http://ec2.insiderpages.com/b/3709412945/creekwood-inn-anchorage 
2012/12/06 16:49:57 INFO  - jmeter.protocol.http.sampler.HTTPJavaImpl: Error Response Code: 500 
2012/12/06 16:50:13 INFO  - jmeter.protocol.http.sampler.HTTPJavaImpl: Error Response Code: 404 
2012/12/06 16:51:12 ERROR - jmeter.protocol.http.sampler.HTTPJavaImpl: readResponse: java.io.IOException: Server returned HTTP response code: 500 for URL: http://ec2.insiderpages.com/b/3709676889/thompsonwilson-funeral-home-wynne 
2012/12/06 16:51:12 ERROR - jmeter.protocol.http.sampler.HTTPJavaImpl: Cause: java.io.IOException: Server returned HTTP response code: 500 for URL: http://ec2.insiderpages.com/b/3709676889/thompsonwilson-funeral-home-wynne 
2012/12/06 16:51:12 INFO  - jmeter.protocol.http.sampler.HTTPJavaImpl: Error Response Code: 500 
2012/12/06 16:52:39 ERROR - jmeter.protocol.http.sampler.HTTPJavaImpl: readResponse: java.io.IOException: Server returned HTTP response code: 500 for URL: http://ec2.insiderpages.com/b/3709580278/schrader-broughton-inc-huntsville 
2012/12/06 16:52:39 ERROR - jmeter.protocol.http.sampler.HTTPJavaImpl: Cause: java.io.IOException: Server returned HTTP response code: 500 for URL: http://ec2.insiderpages.com/b/3709580278/schrader-broughton-inc-huntsville 
2012/12/06 16:52:39 INFO  - jmeter.protocol.http.sampler.HTTPJavaImpl: Error Response Code: 500 
2012/12/06 16:53:09 INFO  - jmeter.protocol.http.sampler.HTTPJavaImpl: Error Response Code: 404 
2012/12/06 16:55:19 ERROR - jmeter.protocol.http.sampler.HTTPJavaImpl: readResponse: java.io.IOException: Server returned HTTP response code: 500 for URL: http://ec2.insiderpages.com/b/3710171006/1-accurate-live-scan-stockton 
2012/12/06 16:55:19 ERROR - jmeter.protocol.http.sampler.HTTPJavaImpl: Cause: java.io.IOException: Server returned HTTP response code: 500 for URL: http://ec2.insiderpages.com/b/3710171006/1-accurate-live-scan-stockton 
2012/12/06 16:55:19 INFO  - jmeter.protocol.http.sampler.HTTPJavaImpl: Error Response Code: 500 
2012/12/06 16:57:14 ERROR - jmeter.protocol.http.sampler.HTTPJavaImpl: readResponse: java.io.IOException: Server returned HTTP response code: 500 for URL: http://ec2.insiderpages.com/b/3710041297/ponderosa-property-management-paradise-1 
2012/12/06 16:57:14 ERROR - jmeter.protocol.http.sampler.HTTPJavaImpl: Cause: java.io.IOException: Server returned HTTP response code: 500 for URL: http://ec2.insiderpages.com/b/3710041297/ponderosa-property-management-paradise-1 
2012/12/06 16:57:14 INFO  - jmeter.protocol.http.sampler.HTTPJavaImpl: Error Response Code: 500 
2012/12/06 16:59:04 INFO  - jmeter.protocol.http.sampler.HTTPJavaImpl: Error Response Code: 404 
2012/12/06 17:00:02 ERROR - jmeter.protocol.http.sampler.HTTPJavaImpl: readResponse: java.io.IOException: Server returned HTTP response code: 500 for URL: http://ec2.insiderpages.com/b/3709544560/up-scaffolding-co-birmingham 
2012/12/06 17:00:02 ERROR - jmeter.protocol.http.sampler.HTTPJavaImpl: Cause: java.io.IOException: Server returned HTTP response code: 500 for URL: http://ec2.insiderpages.com/b/3709544560/up-scaffolding-co-birmingham 
2012/12/06 17:00:02 INFO  - jmeter.protocol.http.sampler.HTTPJavaImpl: Error Response Code: 500 
2012/12/06 17:03:29 INFO  - jmeter.threads.JMeterThread: Thread finished: HitBPP_ThreadGroup 1-1 
2012/12/06 17:03:29 ERROR - jmeter.protocol.http.sampler.HTTPJavaImpl: readResponse: java.io.IOException: Server returned HTTP response code: 500 for URL: http://ec2.insiderpages.com/b/3710031883/west-coast-air-conditioning-oxnard 
2012/12/06 17:03:29 ERROR - jmeter.protocol.http.sampler.HTTPJavaImpl: Cause: java.io.IOException: Server returned HTTP response code: 500 for URL: http://ec2.insiderpages.com/b/3710031883/west-coast-air-conditioning-oxnard 
2012/12/06 17:03:29 INFO  - jmeter.protocol.http.sampler.HTTPJavaImpl: Error Response Code: 500 
2012/12/06 17:03:30 INFO  - jmeter.threads.JMeterThread: Thread finished: HitBPP_ThreadGroup 1-2 
2012/12/06 17:03:30 INFO  - jmeter.threads.JMeterThread: Thread finished: HitBPP_ThreadGroup 1-3 
2012/12/06 17:03:31 INFO  - jmeter.threads.JMeterThread: Thread finished: HitBPP_ThreadGroup 1-6 
2012/12/06 17:03:31 INFO  - jmeter.threads.JMeterThread: Thread finished: HitBPP_ThreadGroup 1-8 
2012/12/06 17:03:31 INFO  - jmeter.threads.JMeterThread: Thread finished: HitBPP_ThreadGroup 1-10 
2012/12/06 17:03:31 INFO  - jmeter.threads.JMeterThread: Thread finished: HitBPP_ThreadGroup 1-5 
2012/12/06 17:03:32 INFO  - jmeter.threads.JMeterThread: Thread finished: HitBPP_ThreadGroup 1-14 
2012/12/06 17:03:32 INFO  - jmeter.threads.JMeterThread: Thread finished: HitBPP_ThreadGroup 1-19 
2012/12/06 17:03:32 INFO  - jmeter.threads.JMeterThread: Thread finished: HitBPP_ThreadGroup 1-9 
2012/12/06 17:03:32 INFO  - jmeter.threads.JMeterThread: Thread finished: HitBPP_ThreadGroup 1-16 
2012/12/06 17:03:33 INFO  - jmeter.threads.JMeterThread: Thread finished: HitBPP_ThreadGroup 1-22 
2012/12/06 17:03:33 INFO  - jmeter.threads.JMeterThread: Thread finished: HitBPP_ThreadGroup 1-12 
2012/12/06 17:03:33 INFO  - jmeter.threads.JMeterThread: Thread finished: HitBPP_ThreadGroup 1-20 
2012/12/06 17:03:33 INFO  - jmeter.threads.JMeterThread: Thread finished: HitBPP_ThreadGroup 1-24 
2012/12/06 17:03:33 INFO  - jmeter.threads.JMeterThread: Thread finished: HitBPP_ThreadGroup 1-15 
2012/12/06 17:03:34 INFO  - jmeter.threads.JMeterThread: Thread finished: HitBPP_ThreadGroup 1-11 
2012/12/06 17:03:34 INFO  - jmeter.threads.JMeterThread: Thread finished: HitBPP_ThreadGroup 1-23 
2012/12/06 17:03:34 INFO  - jmeter.threads.JMeterThread: Thread finished: HitBPP_ThreadGroup 1-21 
2012/12/06 17:03:34 INFO  - jmeter.threads.JMeterThread: Thread finished: HitBPP_ThreadGroup 1-4 
2012/12/06 17:03:34 INFO  - jmeter.threads.JMeterThread: Thread finished: HitBPP_ThreadGroup 1-18 
2012/12/06 17:03:34 INFO  - jmeter.threads.JMeterThread: Thread finished: HitBPP_ThreadGroup 1-7 
2012/12/06 17:03:35 INFO  - jmeter.threads.JMeterThread: Thread finished: HitBPP_ThreadGroup 1-25 
2012/12/06 17:03:35 INFO  - jmeter.threads.JMeterThread: Thread finished: HitBPP_ThreadGroup 1-13 
2012/12/06 17:03:35 INFO  - jmeter.threads.JMeterThread: Thread finished: HitBPP_ThreadGroup 1-17 
2012/12/06 17:03:35 INFO  - jmeter.engine.StandardJMeterEngine: Notifying test listeners of end of test 
