2012/12/06 14:17:41 INFO  - jmeter.util.JMeterUtils: Setting Locale to en_US 
2012/12/06 14:17:41 INFO  - jmeter.JMeter: Loading user properties from: /usr/jmeter/apache-jmeter-2.8/bin/user.properties 
2012/12/06 14:17:41 INFO  - jmeter.JMeter: Loading system properties from: /usr/jmeter/apache-jmeter-2.8/bin/system.properties 
2012/12/06 14:17:41 INFO  - jmeter.JMeter: Setting JMeter property: ip.results.dir=/home/jmeter/ip1 
2012/12/06 14:17:41 INFO  - jmeter.JMeter: Setting JMeter property: ip.num.threads=1 
2012/12/06 14:17:41 INFO  - jmeter.JMeter: Setting JMeter property: ip.test.duration=900 
2012/12/06 14:17:41 INFO  - jmeter.JMeter: Copyright (c) 1998-2012 The Apache Software Foundation 
2012/12/06 14:17:41 INFO  - jmeter.JMeter: Version 2.8 r1393162 
2012/12/06 14:17:41 INFO  - jmeter.JMeter: java.version=1.6.0_37 
2012/12/06 14:17:41 INFO  - jmeter.JMeter: java.vm.name=Java HotSpot(TM) 64-Bit Server VM 
2012/12/06 14:17:41 INFO  - jmeter.JMeter: os.name=Linux 
2012/12/06 14:17:41 INFO  - jmeter.JMeter: os.arch=amd64 
2012/12/06 14:17:41 INFO  - jmeter.JMeter: os.version=2.6.32-220.el6.x86_64 
2012/12/06 14:17:41 INFO  - jmeter.JMeter: file.encoding=ANSI_X3.4-1968 
2012/12/06 14:17:41 INFO  - jmeter.JMeter: Default Locale=English (United States) 
2012/12/06 14:17:41 INFO  - jmeter.JMeter: JMeter  Locale=English (United States) 
2012/12/06 14:17:41 INFO  - jmeter.JMeter: JMeterHome=/usr/jmeter/apache-jmeter-2.8 
2012/12/06 14:17:41 INFO  - jmeter.JMeter: user.dir  =/usr/jmeter/apache-jmeter-2.8/bin 
2012/12/06 14:17:41 INFO  - jmeter.JMeter: PWD       =/usr/jmeter/apache-jmeter-2.8/bin 
2012/12/06 14:17:41 INFO  - jmeter.JMeter: IP: 10.29.35.200 Name: aws1devipa1.ipqa.ctgrd.com FullName: ip-10-29-35-200.ec2.internal 
2012/12/06 14:17:41 INFO  - jmeter.services.FileServer: Default base='/usr/jmeter/apache-jmeter-2.8/bin' 
2012/12/06 14:17:41 INFO  - jmeter.services.FileServer: Set new base='/home/jmeter/ip1/testplans' 
2012/12/06 14:17:41 INFO  - jmeter.JMeter: Loading file: /home/jmeter/ip1/testplans/IP1_BPP.jmx 
2012/12/06 14:17:42 INFO  - jmeter.save.SaveService: Testplan (JMX) version: 2.2. Testlog (JTL) version: 2.2 
2012/12/06 14:17:42 INFO  - jmeter.save.SaveService: Using SaveService properties file encoding UTF-8 
2012/12/06 14:17:42 INFO  - jmeter.save.SaveService: Using SaveService properties file version 1382180 
2012/12/06 14:17:42 INFO  - jmeter.save.SaveService: Using SaveService properties version 2.3 
2012/12/06 14:17:42 INFO  - jmeter.save.SaveService: All converter versions present and correct 
2012/12/06 14:17:42 INFO  - jmeter.util.NameUpdater: Processing jar:file:/usr/jmeter/apache-jmeter-2.8/lib/ext/JMeterPlugins.jar!/META-INF/resources/org.apache.jmeter.nameupdater.properties 
2012/12/06 14:17:42 INFO  - jmeter.util.NameUpdater: Added additional nameMap entry: kg.apc.jmeter.vizualizers.TotalTransactionsPerSecondGui 
2012/12/06 14:17:42 INFO  - jmeter.protocol.http.control.CookieManager: Settings: Delete null: true Check: true Allow variable: true Save: false Prefix: COOKIE_ 
2012/12/06 14:17:42 INFO  - jmeter.protocol.http.sampler.HTTPSamplerBase: Cannot find .className property for htmlParser, using default 
2012/12/06 14:17:42 INFO  - jmeter.protocol.http.sampler.HTTPSamplerBase: Parser for text/html is  
2012/12/06 14:17:42 INFO  - jmeter.protocol.http.sampler.HTTPSamplerBase: Parser for application/xhtml+xml is  
2012/12/06 14:17:42 INFO  - jmeter.protocol.http.sampler.HTTPSamplerBase: Parser for application/xml is  
2012/12/06 14:17:42 INFO  - jmeter.protocol.http.sampler.HTTPSamplerBase: Parser for text/xml is  
2012/12/06 14:17:42 INFO  - jmeter.protocol.http.sampler.HTTPSamplerBase: Parser for text/vnd.wap.wml is org.apache.jmeter.protocol.http.parser.RegexpHTMLParser 
2012/12/06 14:17:42 INFO  - jmeter.protocol.http.sampler.HTTPSamplerBase: Reuse SSL session context on subsequent iterations: true 
2012/12/06 14:17:43 INFO  - jmeter.engine.StandardJMeterEngine: Listeners will be started after enabling running version 
2012/12/06 14:17:43 INFO  - jmeter.engine.StandardJMeterEngine: To revert to the earlier behaviour, define jmeterengine.startlistenerslater=false 
2012/12/06 14:17:43 INFO  - jmeter.engine.StandardJMeterEngine: Running the test! 
2012/12/06 14:17:43 INFO  - jmeter.engine.util.CompoundVariable: Note: Function class names must contain the string: '.functions.' 
2012/12/06 14:17:43 INFO  - jmeter.engine.util.CompoundVariable: Note: Function class names must not contain the string: '.gui.' 
2012/12/06 14:17:44 INFO  - jmeter.JMeter: Running test (1354832264970) 
2012/12/06 14:17:45 INFO  - jmeter.engine.StandardJMeterEngine: Starting ThreadGroup: 1 : HitBPP_ThreadGroup 
2012/12/06 14:17:45 INFO  - jmeter.engine.StandardJMeterEngine: Starting 1 threads for group HitBPP_ThreadGroup. 
2012/12/06 14:17:45 INFO  - jmeter.engine.StandardJMeterEngine: Thread will continue on error 
2012/12/06 14:17:45 INFO  - kg.apc.jmeter.threads.AbstractSimpleThreadGroup: Starting thread group number 1 threads 1 
2012/12/06 14:17:45 INFO  - jmeter.threads.JMeterThread: jmeterthread.startearlier=true (see jmeter.properties) 
2012/12/06 14:17:45 INFO  - jmeter.threads.JMeterThread: Running PostProcessors in forward order 
2012/12/06 14:17:45 INFO  - kg.apc.jmeter.threads.AbstractSimpleThreadGroup: Started thread group number 1 
2012/12/06 14:17:45 INFO  - jmeter.engine.StandardJMeterEngine: All thread groups have been started 
2012/12/06 14:17:45 INFO  - jmeter.threads.JMeterThread: Thread started: HitBPP_ThreadGroup 1-1 
2012/12/06 14:17:46 INFO  - jmeter.samplers.SampleResult: Note: Sample TimeStamps are START times 
2012/12/06 14:17:46 INFO  - jmeter.samplers.SampleResult: sampleresult.default.encoding is set to ISO-8859-1 
2012/12/06 14:17:46 INFO  - jmeter.samplers.SampleResult: sampleresult.useNanoTime=true 
2012/12/06 14:17:46 INFO  - jmeter.samplers.SampleResult: sampleresult.nanoThreadSleep=5000 
2012/12/06 14:17:49 INFO  - jmeter.protocol.http.sampler.HTTPJavaImpl: Maximum connection retries = 10 
2012/12/06 14:23:59 ERROR - jmeter.protocol.http.sampler.HTTPJavaImpl: readResponse: java.io.IOException: Server returned HTTP response code: 500 for URL: http://ec2.insiderpages.com/b/3709554445/eagle-imports-auburn 
2012/12/06 14:23:59 ERROR - jmeter.protocol.http.sampler.HTTPJavaImpl: Cause: java.io.IOException: Server returned HTTP response code: 500 for URL: http://ec2.insiderpages.com/b/3709554445/eagle-imports-auburn 
2012/12/06 14:23:59 INFO  - jmeter.protocol.http.sampler.HTTPJavaImpl: Error Response Code: 500 
2012/12/06 14:26:23 ERROR - jmeter.protocol.http.sampler.HTTPJavaImpl: readResponse: java.io.IOException: Server returned HTTP response code: 500 for URL: http://ec2.insiderpages.com/b/3710355380/joels-bicycle-shop-thousand-palms 
2012/12/06 14:26:23 ERROR - jmeter.protocol.http.sampler.HTTPJavaImpl: Cause: java.io.IOException: Server returned HTTP response code: 500 for URL: http://ec2.insiderpages.com/b/3710355380/joels-bicycle-shop-thousand-palms 
2012/12/06 14:26:23 INFO  - jmeter.protocol.http.sampler.HTTPJavaImpl: Error Response Code: 500 
2012/12/06 14:32:47 INFO  - jmeter.threads.JMeterThread: Thread finished: HitBPP_ThreadGroup 1-1 
2012/12/06 14:32:47 INFO  - jmeter.engine.StandardJMeterEngine: Notifying test listeners of end of test 
