2012/12/06 17:05:22 INFO  - jmeter.util.JMeterUtils: Setting Locale to en_US 
2012/12/06 17:05:22 INFO  - jmeter.JMeter: Loading user properties from: /usr/jmeter/apache-jmeter-2.8/bin/user.properties 
2012/12/06 17:05:22 INFO  - jmeter.JMeter: Loading system properties from: /usr/jmeter/apache-jmeter-2.8/bin/system.properties 
2012/12/06 17:05:22 INFO  - jmeter.JMeter: Setting JMeter property: ip.results.dir=/home/jmeter/ip1 
2012/12/06 17:05:22 INFO  - jmeter.JMeter: Setting JMeter property: ip.num.threads=50 
2012/12/06 17:05:22 INFO  - jmeter.JMeter: Setting JMeter property: ip.test.duration=900 
2012/12/06 17:05:22 INFO  - jmeter.JMeter: Copyright (c) 1998-2012 The Apache Software Foundation 
2012/12/06 17:05:22 INFO  - jmeter.JMeter: Version 2.8 r1393162 
2012/12/06 17:05:22 INFO  - jmeter.JMeter: java.version=1.6.0_37 
2012/12/06 17:05:22 INFO  - jmeter.JMeter: java.vm.name=Java HotSpot(TM) 64-Bit Server VM 
2012/12/06 17:05:22 INFO  - jmeter.JMeter: os.name=Linux 
2012/12/06 17:05:22 INFO  - jmeter.JMeter: os.arch=amd64 
2012/12/06 17:05:22 INFO  - jmeter.JMeter: os.version=2.6.32-220.el6.x86_64 
2012/12/06 17:05:22 INFO  - jmeter.JMeter: file.encoding=ANSI_X3.4-1968 
2012/12/06 17:05:22 INFO  - jmeter.JMeter: Default Locale=English (United States) 
2012/12/06 17:05:22 INFO  - jmeter.JMeter: JMeter  Locale=English (United States) 
2012/12/06 17:05:22 INFO  - jmeter.JMeter: JMeterHome=/usr/jmeter/apache-jmeter-2.8 
2012/12/06 17:05:22 INFO  - jmeter.JMeter: user.dir  =/usr/jmeter/apache-jmeter-2.8/bin 
2012/12/06 17:05:22 INFO  - jmeter.JMeter: PWD       =/usr/jmeter/apache-jmeter-2.8/bin 
2012/12/06 17:05:22 INFO  - jmeter.JMeter: IP: 10.29.35.200 Name: aws1devipa1.ipqa.ctgrd.com FullName: ip-10-29-35-200.ec2.internal 
2012/12/06 17:05:22 INFO  - jmeter.services.FileServer: Default base='/usr/jmeter/apache-jmeter-2.8/bin' 
2012/12/06 17:05:22 INFO  - jmeter.services.FileServer: Set new base='/home/jmeter/ip1/testplans' 
2012/12/06 17:05:22 INFO  - jmeter.JMeter: Loading file: /home/jmeter/ip1/testplans/IP1_BPP.jmx 
2012/12/06 17:05:23 INFO  - jmeter.save.SaveService: Testplan (JMX) version: 2.2. Testlog (JTL) version: 2.2 
2012/12/06 17:05:23 INFO  - jmeter.save.SaveService: Using SaveService properties file encoding UTF-8 
2012/12/06 17:05:23 INFO  - jmeter.save.SaveService: Using SaveService properties file version 1382180 
2012/12/06 17:05:23 INFO  - jmeter.save.SaveService: Using SaveService properties version 2.3 
2012/12/06 17:05:23 INFO  - jmeter.save.SaveService: All converter versions present and correct 
2012/12/06 17:05:23 INFO  - jmeter.util.NameUpdater: Processing jar:file:/usr/jmeter/apache-jmeter-2.8/lib/ext/JMeterPlugins.jar!/META-INF/resources/org.apache.jmeter.nameupdater.properties 
2012/12/06 17:05:23 INFO  - jmeter.util.NameUpdater: Added additional nameMap entry: kg.apc.jmeter.vizualizers.TotalTransactionsPerSecondGui 
2012/12/06 17:05:23 INFO  - jmeter.protocol.http.control.CookieManager: Settings: Delete null: true Check: true Allow variable: true Save: false Prefix: COOKIE_ 
2012/12/06 17:05:23 INFO  - jmeter.protocol.http.sampler.HTTPSamplerBase: Cannot find .className property for htmlParser, using default 
2012/12/06 17:05:23 INFO  - jmeter.protocol.http.sampler.HTTPSamplerBase: Parser for text/html is  
2012/12/06 17:05:23 INFO  - jmeter.protocol.http.sampler.HTTPSamplerBase: Parser for application/xhtml+xml is  
2012/12/06 17:05:23 INFO  - jmeter.protocol.http.sampler.HTTPSamplerBase: Parser for application/xml is  
2012/12/06 17:05:23 INFO  - jmeter.protocol.http.sampler.HTTPSamplerBase: Parser for text/xml is  
2012/12/06 17:05:23 INFO  - jmeter.protocol.http.sampler.HTTPSamplerBase: Parser for text/vnd.wap.wml is org.apache.jmeter.protocol.http.parser.RegexpHTMLParser 
2012/12/06 17:05:23 INFO  - jmeter.protocol.http.sampler.HTTPSamplerBase: Reuse SSL session context on subsequent iterations: true 
2012/12/06 17:05:24 INFO  - jmeter.engine.StandardJMeterEngine: Listeners will be started after enabling running version 
2012/12/06 17:05:24 INFO  - jmeter.engine.StandardJMeterEngine: To revert to the earlier behaviour, define jmeterengine.startlistenerslater=false 
2012/12/06 17:05:24 INFO  - jmeter.engine.StandardJMeterEngine: Running the test! 
2012/12/06 17:05:24 INFO  - jmeter.engine.util.CompoundVariable: Note: Function class names must contain the string: '.functions.' 
2012/12/06 17:05:24 INFO  - jmeter.engine.util.CompoundVariable: Note: Function class names must not contain the string: '.gui.' 
2012/12/06 17:05:26 INFO  - jmeter.JMeter: Running test (1354842326112) 
2012/12/06 17:05:26 INFO  - jmeter.engine.StandardJMeterEngine: Starting ThreadGroup: 1 : HitBPP_ThreadGroup 
2012/12/06 17:05:26 INFO  - jmeter.engine.StandardJMeterEngine: Starting 50 threads for group HitBPP_ThreadGroup. 
2012/12/06 17:05:26 INFO  - jmeter.engine.StandardJMeterEngine: Thread will continue on error 
2012/12/06 17:05:26 INFO  - kg.apc.jmeter.threads.AbstractSimpleThreadGroup: Starting thread group number 1 threads 50 
2012/12/06 17:05:26 INFO  - jmeter.threads.JMeterThread: jmeterthread.startearlier=true (see jmeter.properties) 
2012/12/06 17:05:26 INFO  - jmeter.threads.JMeterThread: Running PostProcessors in forward order 
2012/12/06 17:05:26 INFO  - jmeter.threads.JMeterThread: Thread started: HitBPP_ThreadGroup 1-1 
2012/12/06 17:05:27 INFO  - kg.apc.jmeter.threads.AbstractSimpleThreadGroup: Started thread group number 1 
2012/12/06 17:05:27 INFO  - jmeter.engine.StandardJMeterEngine: All thread groups have been started 
2012/12/06 17:05:27 INFO  - jmeter.threads.JMeterThread: Thread started: HitBPP_ThreadGroup 1-2 
2012/12/06 17:05:28 INFO  - jmeter.threads.JMeterThread: Thread started: HitBPP_ThreadGroup 1-3 
2012/12/06 17:05:28 INFO  - jmeter.samplers.SampleResult: Note: Sample TimeStamps are START times 
2012/12/06 17:05:28 INFO  - jmeter.samplers.SampleResult: sampleresult.default.encoding is set to ISO-8859-1 
2012/12/06 17:05:28 INFO  - jmeter.samplers.SampleResult: sampleresult.useNanoTime=true 
2012/12/06 17:05:28 INFO  - jmeter.samplers.SampleResult: sampleresult.nanoThreadSleep=5000 
2012/12/06 17:05:29 INFO  - jmeter.threads.JMeterThread: Thread started: HitBPP_ThreadGroup 1-4 
2012/12/06 17:05:30 INFO  - jmeter.threads.JMeterThread: Thread started: HitBPP_ThreadGroup 1-5 
2012/12/06 17:05:31 INFO  - jmeter.protocol.http.sampler.HTTPJavaImpl: Maximum connection retries = 10 
2012/12/06 17:05:57 ERROR - jmeter.protocol.http.sampler.HTTPJavaImpl: readResponse: java.io.IOException: Server returned HTTP response code: 503 for URL: http://ec2.insiderpages.com/b/3709516955/computer-image-birmingham 
2012/12/06 17:05:57 ERROR - jmeter.protocol.http.sampler.HTTPJavaImpl: Cause: java.io.IOException: Server returned HTTP response code: 503 for URL: http://ec2.insiderpages.com/b/3709516955/computer-image-birmingham 
2012/12/06 17:05:57 INFO  - jmeter.protocol.http.sampler.HTTPJavaImpl: Error Response Code: 503, Server sent no Errorpage 
2012/12/06 17:05:57 ERROR - jmeter.protocol.http.sampler.HTTPJavaImpl: readResponse: java.io.IOException: Server returned HTTP response code: 503 for URL: http://ec2.insiderpages.com/b/3709938396/cameron-realty-ajo 
2012/12/06 17:05:57 ERROR - jmeter.protocol.http.sampler.HTTPJavaImpl: Cause: java.io.IOException: Server returned HTTP response code: 503 for URL: http://ec2.insiderpages.com/b/3709938396/cameron-realty-ajo 
2012/12/06 17:05:57 INFO  - jmeter.protocol.http.sampler.HTTPJavaImpl: Error Response Code: 503, Server sent no Errorpage 
2012/12/06 17:05:57 ERROR - jmeter.protocol.http.sampler.HTTPJavaImpl: readResponse: java.io.IOException: Server returned HTTP response code: 503 for URL: http://ec2.insiderpages.com/ 
2012/12/06 17:05:57 ERROR - jmeter.protocol.http.sampler.HTTPJavaImpl: Cause: java.io.IOException: Server returned HTTP response code: 503 for URL: http://ec2.insiderpages.com/ 
2012/12/06 17:05:57 INFO  - jmeter.protocol.http.sampler.HTTPJavaImpl: Error Response Code: 503, Server sent no Errorpage 
2012/12/06 17:05:57 ERROR - jmeter.protocol.http.sampler.HTTPJavaImpl: readResponse: java.io.IOException: Server returned HTTP response code: 503 for URL: http://ec2.insiderpages.com/b/3709847618/edm-specialties-clarkdale 
2012/12/06 17:05:57 ERROR - jmeter.protocol.http.sampler.HTTPJavaImpl: Cause: java.io.IOException: Server returned HTTP response code: 503 for URL: http://ec2.insiderpages.com/b/3709847618/edm-specialties-clarkdale 
2012/12/06 17:05:57 INFO  - jmeter.protocol.http.sampler.HTTPJavaImpl: Error Response Code: 503, Server sent no Errorpage 
2012/12/06 17:05:57 ERROR - jmeter.protocol.http.sampler.HTTPJavaImpl: readResponse: java.io.IOException: Server returned HTTP response code: 503 for URL: http://ec2.insiderpages.com/b/3709680747 
2012/12/06 17:05:57 ERROR - jmeter.protocol.http.sampler.HTTPJavaImpl: Cause: java.io.IOException: Server returned HTTP response code: 503 for URL: http://ec2.insiderpages.com/b/3709680747 
2012/12/06 17:05:57 INFO  - jmeter.protocol.http.sampler.HTTPJavaImpl: Error Response Code: 503, Server sent no Errorpage 
2012/12/06 17:06:01 INFO  - jmeter.threads.JMeterThread: Thread started: HitBPP_ThreadGroup 1-6 
2012/12/06 17:06:02 INFO  - jmeter.threads.JMeterThread: Thread started: HitBPP_ThreadGroup 1-7 
2012/12/06 17:06:03 INFO  - jmeter.threads.JMeterThread: Thread started: HitBPP_ThreadGroup 1-8 
2012/12/06 17:06:04 INFO  - jmeter.threads.JMeterThread: Thread started: HitBPP_ThreadGroup 1-9 
2012/12/06 17:06:05 INFO  - jmeter.threads.JMeterThread: Thread started: HitBPP_ThreadGroup 1-10 
2012/12/06 17:06:36 INFO  - jmeter.threads.JMeterThread: Thread started: HitBPP_ThreadGroup 1-11 
2012/12/06 17:06:37 INFO  - jmeter.threads.JMeterThread: Thread started: HitBPP_ThreadGroup 1-12 
2012/12/06 17:06:38 INFO  - jmeter.threads.JMeterThread: Thread started: HitBPP_ThreadGroup 1-13 
2012/12/06 17:06:39 INFO  - jmeter.threads.JMeterThread: Thread started: HitBPP_ThreadGroup 1-14 
2012/12/06 17:06:40 INFO  - jmeter.threads.JMeterThread: Thread started: HitBPP_ThreadGroup 1-15 
2012/12/06 17:07:11 INFO  - jmeter.threads.JMeterThread: Thread started: HitBPP_ThreadGroup 1-16 
2012/12/06 17:07:12 INFO  - jmeter.threads.JMeterThread: Thread started: HitBPP_ThreadGroup 1-17 
2012/12/06 17:07:13 INFO  - jmeter.threads.JMeterThread: Thread started: HitBPP_ThreadGroup 1-18 
2012/12/06 17:07:14 INFO  - jmeter.threads.JMeterThread: Thread started: HitBPP_ThreadGroup 1-19 
2012/12/06 17:07:15 INFO  - jmeter.threads.JMeterThread: Thread started: HitBPP_ThreadGroup 1-20 
2012/12/06 17:07:20 ERROR - jmeter.protocol.http.sampler.HTTPJavaImpl: readResponse: java.io.IOException: Server returned HTTP response code: 500 for URL: http://ec2.insiderpages.com/b/3710013039/audio-symphony-san-francisco 
2012/12/06 17:07:20 ERROR - jmeter.protocol.http.sampler.HTTPJavaImpl: Cause: java.io.IOException: Server returned HTTP response code: 500 for URL: http://ec2.insiderpages.com/b/3710013039/audio-symphony-san-francisco 
2012/12/06 17:07:20 INFO  - jmeter.protocol.http.sampler.HTTPJavaImpl: Error Response Code: 500 
2012/12/06 17:07:46 INFO  - jmeter.threads.JMeterThread: Thread started: HitBPP_ThreadGroup 1-21 
2012/12/06 17:07:47 INFO  - jmeter.threads.JMeterThread: Thread started: HitBPP_ThreadGroup 1-22 
2012/12/06 17:07:48 INFO  - jmeter.threads.JMeterThread: Thread started: HitBPP_ThreadGroup 1-23 
2012/12/06 17:07:49 INFO  - jmeter.threads.JMeterThread: Thread started: HitBPP_ThreadGroup 1-24 
2012/12/06 17:07:50 INFO  - jmeter.threads.JMeterThread: Thread started: HitBPP_ThreadGroup 1-25 
2012/12/06 17:08:21 INFO  - jmeter.threads.JMeterThread: Thread started: HitBPP_ThreadGroup 1-26 
2012/12/06 17:08:22 INFO  - jmeter.threads.JMeterThread: Thread started: HitBPP_ThreadGroup 1-27 
2012/12/06 17:08:23 INFO  - jmeter.threads.JMeterThread: Thread started: HitBPP_ThreadGroup 1-28 
2012/12/06 17:08:24 INFO  - jmeter.threads.JMeterThread: Thread started: HitBPP_ThreadGroup 1-29 
2012/12/06 17:08:25 INFO  - jmeter.threads.JMeterThread: Thread started: HitBPP_ThreadGroup 1-30 
2012/12/06 17:08:26 ERROR - jmeter.protocol.http.sampler.HTTPJavaImpl: readResponse: java.io.IOException: Server returned HTTP response code: 500 for URL: http://ec2.insiderpages.com/b/3709668097/lackey-radiator-shop--auto-forrest-city 
2012/12/06 17:08:26 ERROR - jmeter.protocol.http.sampler.HTTPJavaImpl: Cause: java.io.IOException: Server returned HTTP response code: 500 for URL: http://ec2.insiderpages.com/b/3709668097/lackey-radiator-shop--auto-forrest-city 
2012/12/06 17:08:26 INFO  - jmeter.protocol.http.sampler.HTTPJavaImpl: Error Response Code: 500 
2012/12/06 17:08:39 ERROR - jmeter.protocol.http.sampler.HTTPJavaImpl: readResponse: java.io.IOException: Server returned HTTP response code: 500 for URL: http://ec2.insiderpages.com/b/3710414276/best-guys-concord 
2012/12/06 17:08:39 ERROR - jmeter.protocol.http.sampler.HTTPJavaImpl: Cause: java.io.IOException: Server returned HTTP response code: 500 for URL: http://ec2.insiderpages.com/b/3710414276/best-guys-concord 
2012/12/06 17:08:39 INFO  - jmeter.protocol.http.sampler.HTTPJavaImpl: Error Response Code: 500 
2012/12/06 17:08:56 INFO  - jmeter.threads.JMeterThread: Thread started: HitBPP_ThreadGroup 1-31 
2012/12/06 17:08:57 INFO  - jmeter.threads.JMeterThread: Thread started: HitBPP_ThreadGroup 1-32 
2012/12/06 17:08:58 INFO  - jmeter.threads.JMeterThread: Thread started: HitBPP_ThreadGroup 1-33 
2012/12/06 17:08:59 INFO  - jmeter.threads.JMeterThread: Thread started: HitBPP_ThreadGroup 1-34 
2012/12/06 17:09:00 INFO  - jmeter.threads.JMeterThread: Thread started: HitBPP_ThreadGroup 1-35 
2012/12/06 17:09:31 INFO  - jmeter.threads.JMeterThread: Thread started: HitBPP_ThreadGroup 1-36 
2012/12/06 17:09:32 INFO  - jmeter.threads.JMeterThread: Thread started: HitBPP_ThreadGroup 1-37 
2012/12/06 17:09:33 INFO  - jmeter.threads.JMeterThread: Thread started: HitBPP_ThreadGroup 1-38 
2012/12/06 17:09:34 INFO  - jmeter.threads.JMeterThread: Thread started: HitBPP_ThreadGroup 1-39 
2012/12/06 17:09:35 INFO  - jmeter.threads.JMeterThread: Thread started: HitBPP_ThreadGroup 1-40 
2012/12/06 17:10:06 INFO  - jmeter.threads.JMeterThread: Thread started: HitBPP_ThreadGroup 1-41 
2012/12/06 17:10:07 INFO  - jmeter.threads.JMeterThread: Thread started: HitBPP_ThreadGroup 1-42 
2012/12/06 17:10:08 INFO  - jmeter.threads.JMeterThread: Thread started: HitBPP_ThreadGroup 1-43 
2012/12/06 17:10:09 INFO  - jmeter.threads.JMeterThread: Thread started: HitBPP_ThreadGroup 1-44 
2012/12/06 17:10:10 INFO  - jmeter.threads.JMeterThread: Thread started: HitBPP_ThreadGroup 1-45 
2012/12/06 17:10:13 INFO  - jmeter.protocol.http.sampler.HTTPJavaImpl: Error Response Code: 404 
2012/12/06 17:10:29 ERROR - jmeter.protocol.http.sampler.HTTPJavaImpl: readResponse: java.io.IOException: Server returned HTTP response code: 500 for URL: http://ec2.insiderpages.com/b/3710465441/infinity-auto-salvage-east-palo-alto 
2012/12/06 17:10:29 ERROR - jmeter.protocol.http.sampler.HTTPJavaImpl: Cause: java.io.IOException: Server returned HTTP response code: 500 for URL: http://ec2.insiderpages.com/b/3710465441/infinity-auto-salvage-east-palo-alto 
2012/12/06 17:10:29 INFO  - jmeter.protocol.http.sampler.HTTPJavaImpl: Error Response Code: 500 
2012/12/06 17:10:41 INFO  - jmeter.threads.JMeterThread: Thread started: HitBPP_ThreadGroup 1-46 
2012/12/06 17:10:42 INFO  - jmeter.threads.JMeterThread: Thread started: HitBPP_ThreadGroup 1-47 
2012/12/06 17:10:43 INFO  - jmeter.threads.JMeterThread: Thread started: HitBPP_ThreadGroup 1-48 
2012/12/06 17:10:44 INFO  - jmeter.threads.JMeterThread: Thread started: HitBPP_ThreadGroup 1-49 
2012/12/06 17:10:45 INFO  - jmeter.threads.JMeterThread: Thread started: HitBPP_ThreadGroup 1-50 
2012/12/06 17:12:18 INFO  - jmeter.protocol.http.sampler.HTTPJavaImpl: Error Response Code: 404 
2012/12/06 17:13:29 ERROR - jmeter.protocol.http.sampler.HTTPJavaImpl: readResponse: java.io.IOException: Server returned HTTP response code: 500 for URL: http://ec2.insiderpages.com/b/3710020599/golden-state-eye-medical-group-bakersfield-7 
2012/12/06 17:13:29 ERROR - jmeter.protocol.http.sampler.HTTPJavaImpl: Cause: java.io.IOException: Server returned HTTP response code: 500 for URL: http://ec2.insiderpages.com/b/3710020599/golden-state-eye-medical-group-bakersfield-7 
2012/12/06 17:13:29 INFO  - jmeter.protocol.http.sampler.HTTPJavaImpl: Error Response Code: 500 
2012/12/06 17:13:32 ERROR - jmeter.protocol.http.sampler.HTTPJavaImpl: readResponse: java.io.IOException: Server returned HTTP response code: 500 for URL: http://ec2.insiderpages.com/b/3710072329/pueblo-tire-svc-napa 
2012/12/06 17:13:32 ERROR - jmeter.protocol.http.sampler.HTTPJavaImpl: Cause: java.io.IOException: Server returned HTTP response code: 500 for URL: http://ec2.insiderpages.com/b/3710072329/pueblo-tire-svc-napa 
2012/12/06 17:13:32 INFO  - jmeter.protocol.http.sampler.HTTPJavaImpl: Error Response Code: 500 
2012/12/06 17:14:38 ERROR - jmeter.protocol.http.sampler.HTTPJavaImpl: readResponse: java.io.IOException: Server returned HTTP response code: 500 for URL: http://ec2.insiderpages.com/b/3709429800/ground-effects-landscpg--snow-anchorage 
2012/12/06 17:14:38 ERROR - jmeter.protocol.http.sampler.HTTPJavaImpl: Cause: java.io.IOException: Server returned HTTP response code: 500 for URL: http://ec2.insiderpages.com/b/3709429800/ground-effects-landscpg--snow-anchorage 
2012/12/06 17:14:38 INFO  - jmeter.protocol.http.sampler.HTTPJavaImpl: Error Response Code: 500 
2012/12/06 17:15:04 ERROR - jmeter.protocol.http.sampler.HTTPJavaImpl: readResponse: java.io.IOException: Server returned HTTP response code: 500 for URL: http://ec2.insiderpages.com/b/3710343875/davita-creekside-dialysis-center-vacaville-1 
2012/12/06 17:15:04 ERROR - jmeter.protocol.http.sampler.HTTPJavaImpl: Cause: java.io.IOException: Server returned HTTP response code: 500 for URL: http://ec2.insiderpages.com/b/3710343875/davita-creekside-dialysis-center-vacaville-1 
2012/12/06 17:15:04 INFO  - jmeter.protocol.http.sampler.HTTPJavaImpl: Error Response Code: 500 
2012/12/06 17:15:38 ERROR - jmeter.protocol.http.sampler.HTTPJavaImpl: readResponse: java.io.IOException: Server returned HTTP response code: 500 for URL: http://ec2.insiderpages.com/b/3710226059/cairns-bruce-k-dds--bruce-k-cairns-inc-newport-beach 
2012/12/06 17:15:38 ERROR - jmeter.protocol.http.sampler.HTTPJavaImpl: Cause: java.io.IOException: Server returned HTTP response code: 500 for URL: http://ec2.insiderpages.com/b/3710226059/cairns-bruce-k-dds--bruce-k-cairns-inc-newport-beach 
2012/12/06 17:15:38 INFO  - jmeter.protocol.http.sampler.HTTPJavaImpl: Error Response Code: 500 
2012/12/06 17:17:43 ERROR - jmeter.protocol.http.sampler.HTTPJavaImpl: readResponse: java.io.IOException: Server returned HTTP response code: 500 for URL: http://ec2.insiderpages.com/b/3710277764/langs-natural-nutrition-palmdale 
2012/12/06 17:17:43 ERROR - jmeter.protocol.http.sampler.HTTPJavaImpl: Cause: java.io.IOException: Server returned HTTP response code: 500 for URL: http://ec2.insiderpages.com/b/3710277764/langs-natural-nutrition-palmdale 
2012/12/06 17:17:43 INFO  - jmeter.protocol.http.sampler.HTTPJavaImpl: Error Response Code: 500 
2012/12/06 17:17:45 ERROR - jmeter.protocol.http.sampler.HTTPJavaImpl: readResponse: java.io.IOException: Server returned HTTP response code: 500 for URL: http://ec2.insiderpages.com/b/3709391104/alaska-fitness-body-by-jen-anchorage 
2012/12/06 17:17:45 ERROR - jmeter.protocol.http.sampler.HTTPJavaImpl: Cause: java.io.IOException: Server returned HTTP response code: 500 for URL: http://ec2.insiderpages.com/b/3709391104/alaska-fitness-body-by-jen-anchorage 
2012/12/06 17:17:45 INFO  - jmeter.protocol.http.sampler.HTTPJavaImpl: Error Response Code: 500 
2012/12/06 17:18:35 ERROR - jmeter.protocol.http.sampler.HTTPJavaImpl: readResponse: java.io.IOException: Server returned HTTP response code: 500 for URL: http://ec2.insiderpages.com/b/3709629622/express-85-inc-auburn 
2012/12/06 17:18:35 ERROR - jmeter.protocol.http.sampler.HTTPJavaImpl: Cause: java.io.IOException: Server returned HTTP response code: 500 for URL: http://ec2.insiderpages.com/b/3709629622/express-85-inc-auburn 
2012/12/06 17:18:35 INFO  - jmeter.protocol.http.sampler.HTTPJavaImpl: Error Response Code: 500 
2012/12/06 17:19:38 INFO  - jmeter.protocol.http.sampler.HTTPJavaImpl: Error Response Code: 404 
2012/12/06 17:21:09 ERROR - jmeter.protocol.http.sampler.HTTPJavaImpl: readResponse: java.io.IOException: Server returned HTTP response code: 500 for URL: http://ec2.insiderpages.com/b/3709529413/james-martin-motor-co-montgomery 
2012/12/06 17:21:09 ERROR - jmeter.protocol.http.sampler.HTTPJavaImpl: Cause: java.io.IOException: Server returned HTTP response code: 500 for URL: http://ec2.insiderpages.com/b/3709529413/james-martin-motor-co-montgomery 
2012/12/06 17:21:09 INFO  - jmeter.protocol.http.sampler.HTTPJavaImpl: Error Response Code: 500 
2012/12/06 17:21:48 ERROR - jmeter.protocol.http.sampler.HTTPJavaImpl: readResponse: java.io.IOException: Server returned HTTP response code: 500 for URL: http://ec2.insiderpages.com/b/3710297520/hems-brothers-mortuary-el-centro 
2012/12/06 17:21:48 ERROR - jmeter.protocol.http.sampler.HTTPJavaImpl: Cause: java.io.IOException: Server returned HTTP response code: 500 for URL: http://ec2.insiderpages.com/b/3710297520/hems-brothers-mortuary-el-centro 
2012/12/06 17:21:48 INFO  - jmeter.protocol.http.sampler.HTTPJavaImpl: Error Response Code: 500 
2012/12/06 17:23:04 ERROR - jmeter.protocol.http.sampler.HTTPJavaImpl: readResponse: java.io.IOException: Server returned HTTP response code: 500 for URL: http://ec2.insiderpages.com/b/3710381842/supercuts-norco 
2012/12/06 17:23:04 ERROR - jmeter.protocol.http.sampler.HTTPJavaImpl: Cause: java.io.IOException: Server returned HTTP response code: 500 for URL: http://ec2.insiderpages.com/b/3710381842/supercuts-norco 
2012/12/06 17:23:04 INFO  - jmeter.protocol.http.sampler.HTTPJavaImpl: Error Response Code: 500 
2012/12/06 17:24:55 ERROR - jmeter.protocol.http.sampler.HTTPJavaImpl: readResponse: java.io.IOException: Server returned HTTP response code: 500 for URL: http://ec2.insiderpages.com/b/3709821549/discount-tire-phoenix-7 
2012/12/06 17:24:55 ERROR - jmeter.protocol.http.sampler.HTTPJavaImpl: Cause: java.io.IOException: Server returned HTTP response code: 500 for URL: http://ec2.insiderpages.com/b/3709821549/discount-tire-phoenix-7 
2012/12/06 17:24:55 INFO  - jmeter.protocol.http.sampler.HTTPJavaImpl: Error Response Code: 500 
2012/12/06 17:25:47 INFO  - jmeter.threads.JMeterThread: Thread finished: HitBPP_ThreadGroup 1-5 
2012/12/06 17:25:48 INFO  - jmeter.threads.JMeterThread: Thread finished: HitBPP_ThreadGroup 1-7 
2012/12/06 17:25:48 INFO  - jmeter.threads.JMeterThread: Thread finished: HitBPP_ThreadGroup 1-9 
2012/12/06 17:25:48 INFO  - jmeter.threads.JMeterThread: Thread finished: HitBPP_ThreadGroup 1-14 
2012/12/06 17:25:48 INFO  - jmeter.threads.JMeterThread: Thread finished: HitBPP_ThreadGroup 1-8 
2012/12/06 17:25:49 INFO  - jmeter.threads.JMeterThread: Thread finished: HitBPP_ThreadGroup 1-12 
2012/12/06 17:25:49 INFO  - jmeter.threads.JMeterThread: Thread finished: HitBPP_ThreadGroup 1-11 
2012/12/06 17:25:50 INFO  - jmeter.threads.JMeterThread: Thread finished: HitBPP_ThreadGroup 1-21 
2012/12/06 17:25:50 INFO  - jmeter.threads.JMeterThread: Thread finished: HitBPP_ThreadGroup 1-16 
2012/12/06 17:25:50 INFO  - jmeter.threads.JMeterThread: Thread finished: HitBPP_ThreadGroup 1-2 
2012/12/06 17:25:50 INFO  - jmeter.threads.JMeterThread: Thread finished: HitBPP_ThreadGroup 1-18 
2012/12/06 17:25:51 INFO  - jmeter.threads.JMeterThread: Thread finished: HitBPP_ThreadGroup 1-6 
2012/12/06 17:25:51 INFO  - jmeter.threads.JMeterThread: Thread finished: HitBPP_ThreadGroup 1-27 
2012/12/06 17:25:51 INFO  - jmeter.threads.JMeterThread: Thread finished: HitBPP_ThreadGroup 1-10 
2012/12/06 17:25:51 INFO  - jmeter.threads.JMeterThread: Thread finished: HitBPP_ThreadGroup 1-24 
2012/12/06 17:25:52 INFO  - jmeter.threads.JMeterThread: Thread finished: HitBPP_ThreadGroup 1-28 
2012/12/06 17:25:52 INFO  - jmeter.threads.JMeterThread: Thread finished: HitBPP_ThreadGroup 1-22 
2012/12/06 17:25:52 INFO  - jmeter.threads.JMeterThread: Thread finished: HitBPP_ThreadGroup 1-17 
2012/12/06 17:25:52 INFO  - jmeter.threads.JMeterThread: Thread finished: HitBPP_ThreadGroup 1-20 
2012/12/06 17:25:52 INFO  - jmeter.threads.JMeterThread: Thread finished: HitBPP_ThreadGroup 1-15 
2012/12/06 17:25:52 INFO  - jmeter.threads.JMeterThread: Thread finished: HitBPP_ThreadGroup 1-4 
2012/12/06 17:25:52 INFO  - jmeter.threads.JMeterThread: Thread finished: HitBPP_ThreadGroup 1-34 
2012/12/06 17:25:52 INFO  - jmeter.threads.JMeterThread: Thread finished: HitBPP_ThreadGroup 1-13 
2012/12/06 17:25:53 INFO  - jmeter.threads.JMeterThread: Thread finished: HitBPP_ThreadGroup 1-3 
2012/12/06 17:25:53 INFO  - jmeter.threads.JMeterThread: Thread finished: HitBPP_ThreadGroup 1-29 
2012/12/06 17:25:53 INFO  - jmeter.threads.JMeterThread: Thread finished: HitBPP_ThreadGroup 1-26 
2012/12/06 17:25:53 INFO  - jmeter.threads.JMeterThread: Thread finished: HitBPP_ThreadGroup 1-30 
2012/12/06 17:25:53 INFO  - jmeter.threads.JMeterThread: Thread finished: HitBPP_ThreadGroup 1-1 
2012/12/06 17:25:53 INFO  - jmeter.threads.JMeterThread: Thread finished: HitBPP_ThreadGroup 1-31 
2012/12/06 17:25:53 INFO  - jmeter.threads.JMeterThread: Thread finished: HitBPP_ThreadGroup 1-35 
2012/12/06 17:25:53 INFO  - jmeter.threads.JMeterThread: Thread finished: HitBPP_ThreadGroup 1-32 
2012/12/06 17:25:54 INFO  - jmeter.threads.JMeterThread: Thread finished: HitBPP_ThreadGroup 1-37 
2012/12/06 17:25:54 INFO  - jmeter.threads.JMeterThread: Thread finished: HitBPP_ThreadGroup 1-36 
2012/12/06 17:25:54 INFO  - jmeter.threads.JMeterThread: Thread finished: HitBPP_ThreadGroup 1-23 
2012/12/06 17:25:54 INFO  - jmeter.threads.JMeterThread: Thread finished: HitBPP_ThreadGroup 1-43 
2012/12/06 17:25:54 INFO  - jmeter.threads.JMeterThread: Thread finished: HitBPP_ThreadGroup 1-40 
2012/12/06 17:25:54 INFO  - jmeter.threads.JMeterThread: Thread finished: HitBPP_ThreadGroup 1-33 
2012/12/06 17:25:55 INFO  - jmeter.threads.JMeterThread: Thread finished: HitBPP_ThreadGroup 1-47 
2012/12/06 17:25:55 INFO  - jmeter.threads.JMeterThread: Thread finished: HitBPP_ThreadGroup 1-25 
2012/12/06 17:25:55 INFO  - jmeter.threads.JMeterThread: Thread finished: HitBPP_ThreadGroup 1-42 
2012/12/06 17:25:55 INFO  - jmeter.threads.JMeterThread: Thread finished: HitBPP_ThreadGroup 1-44 
2012/12/06 17:25:55 INFO  - jmeter.threads.JMeterThread: Thread finished: HitBPP_ThreadGroup 1-19 
2012/12/06 17:25:55 INFO  - jmeter.threads.JMeterThread: Thread finished: HitBPP_ThreadGroup 1-38 
2012/12/06 17:25:55 INFO  - jmeter.threads.JMeterThread: Thread finished: HitBPP_ThreadGroup 1-39 
2012/12/06 17:25:55 INFO  - jmeter.threads.JMeterThread: Thread finished: HitBPP_ThreadGroup 1-41 
2012/12/06 17:25:56 INFO  - jmeter.threads.JMeterThread: Thread finished: HitBPP_ThreadGroup 1-48 
2012/12/06 17:25:56 INFO  - jmeter.threads.JMeterThread: Thread finished: HitBPP_ThreadGroup 1-45 
2012/12/06 17:25:56 INFO  - jmeter.threads.JMeterThread: Thread finished: HitBPP_ThreadGroup 1-46 
2012/12/06 17:25:57 INFO  - jmeter.threads.JMeterThread: Thread finished: HitBPP_ThreadGroup 1-50 
2012/12/06 17:25:57 INFO  - jmeter.threads.JMeterThread: Thread finished: HitBPP_ThreadGroup 1-49 
2012/12/06 17:25:57 INFO  - jmeter.engine.StandardJMeterEngine: Notifying test listeners of end of test 
