2012/12/07 14:01:33 INFO  - jmeter.util.JMeterUtils: Setting Locale to en_US 
2012/12/07 14:01:33 INFO  - jmeter.JMeter: Loading user properties from: /usr/jmeter/apache-jmeter-2.8/bin/user.properties 
2012/12/07 14:01:33 INFO  - jmeter.JMeter: Loading system properties from: /usr/jmeter/apache-jmeter-2.8/bin/system.properties 
2012/12/07 14:01:33 INFO  - jmeter.JMeter: Setting JMeter property: ip.results.dir=/home/jmeter/ip1 
2012/12/07 14:01:33 INFO  - jmeter.JMeter: Setting JMeter property: ip.num.threads=10 
2012/12/07 14:01:33 INFO  - jmeter.JMeter: Setting JMeter property: ip.test.duration=900 
2012/12/07 14:01:33 INFO  - jmeter.JMeter: Copyright (c) 1998-2012 The Apache Software Foundation 
2012/12/07 14:01:33 INFO  - jmeter.JMeter: Version 2.8 r1393162 
2012/12/07 14:01:33 INFO  - jmeter.JMeter: java.version=1.6.0_37 
2012/12/07 14:01:33 INFO  - jmeter.JMeter: java.vm.name=Java HotSpot(TM) 64-Bit Server VM 
2012/12/07 14:01:33 INFO  - jmeter.JMeter: os.name=Linux 
2012/12/07 14:01:33 INFO  - jmeter.JMeter: os.arch=amd64 
2012/12/07 14:01:33 INFO  - jmeter.JMeter: os.version=2.6.32-220.el6.x86_64 
2012/12/07 14:01:33 INFO  - jmeter.JMeter: file.encoding=ANSI_X3.4-1968 
2012/12/07 14:01:33 INFO  - jmeter.JMeter: Default Locale=English (United States) 
2012/12/07 14:01:33 INFO  - jmeter.JMeter: JMeter  Locale=English (United States) 
2012/12/07 14:01:33 INFO  - jmeter.JMeter: JMeterHome=/usr/jmeter/apache-jmeter-2.8 
2012/12/07 14:01:33 INFO  - jmeter.JMeter: user.dir  =/usr/jmeter/apache-jmeter-2.8/bin 
2012/12/07 14:01:33 INFO  - jmeter.JMeter: PWD       =/usr/jmeter/apache-jmeter-2.8/bin 
2012/12/07 14:01:33 INFO  - jmeter.JMeter: IP: 10.29.35.200 Name: aws1devipa1.ipqa.ctgrd.com FullName: ip-10-29-35-200.ec2.internal 
2012/12/07 14:01:33 INFO  - jmeter.services.FileServer: Default base='/usr/jmeter/apache-jmeter-2.8/bin' 
2012/12/07 14:01:33 INFO  - jmeter.services.FileServer: Set new base='/home/jmeter/ip1/testplans' 
2012/12/07 14:01:33 INFO  - jmeter.JMeter: Loading file: /home/jmeter/ip1/testplans/IP1_BPP.jmx 
2012/12/07 14:01:34 INFO  - jmeter.save.SaveService: Testplan (JMX) version: 2.2. Testlog (JTL) version: 2.2 
2012/12/07 14:01:34 INFO  - jmeter.save.SaveService: Using SaveService properties file encoding UTF-8 
2012/12/07 14:01:34 INFO  - jmeter.save.SaveService: Using SaveService properties file version 1382180 
2012/12/07 14:01:34 INFO  - jmeter.save.SaveService: Using SaveService properties version 2.3 
2012/12/07 14:01:34 INFO  - jmeter.save.SaveService: All converter versions present and correct 
2012/12/07 14:01:34 INFO  - jmeter.util.NameUpdater: Processing jar:file:/usr/jmeter/apache-jmeter-2.8/lib/ext/JMeterPlugins.jar!/META-INF/resources/org.apache.jmeter.nameupdater.properties 
2012/12/07 14:01:34 INFO  - jmeter.util.NameUpdater: Added additional nameMap entry: kg.apc.jmeter.vizualizers.TotalTransactionsPerSecondGui 
2012/12/07 14:01:34 INFO  - jmeter.protocol.http.control.CookieManager: Settings: Delete null: true Check: true Allow variable: true Save: false Prefix: COOKIE_ 
2012/12/07 14:01:34 INFO  - jmeter.protocol.http.sampler.HTTPSamplerBase: Cannot find .className property for htmlParser, using default 
2012/12/07 14:01:34 INFO  - jmeter.protocol.http.sampler.HTTPSamplerBase: Parser for text/html is  
2012/12/07 14:01:34 INFO  - jmeter.protocol.http.sampler.HTTPSamplerBase: Parser for application/xhtml+xml is  
2012/12/07 14:01:34 INFO  - jmeter.protocol.http.sampler.HTTPSamplerBase: Parser for application/xml is  
2012/12/07 14:01:34 INFO  - jmeter.protocol.http.sampler.HTTPSamplerBase: Parser for text/xml is  
2012/12/07 14:01:34 INFO  - jmeter.protocol.http.sampler.HTTPSamplerBase: Parser for text/vnd.wap.wml is org.apache.jmeter.protocol.http.parser.RegexpHTMLParser 
2012/12/07 14:01:34 INFO  - jmeter.protocol.http.sampler.HTTPSamplerBase: Reuse SSL session context on subsequent iterations: true 
2012/12/07 14:01:35 INFO  - jmeter.engine.StandardJMeterEngine: Listeners will be started after enabling running version 
2012/12/07 14:01:35 INFO  - jmeter.engine.StandardJMeterEngine: To revert to the earlier behaviour, define jmeterengine.startlistenerslater=false 
2012/12/07 14:01:35 INFO  - jmeter.engine.StandardJMeterEngine: Running the test! 
2012/12/07 14:01:35 INFO  - jmeter.engine.util.CompoundVariable: Note: Function class names must contain the string: '.functions.' 
2012/12/07 14:01:35 INFO  - jmeter.engine.util.CompoundVariable: Note: Function class names must not contain the string: '.gui.' 
2012/12/07 14:01:36 INFO  - jmeter.JMeter: Running test (1354917696579) 
2012/12/07 14:01:36 INFO  - jmeter.engine.StandardJMeterEngine: Starting ThreadGroup: 1 : HitBPP_ThreadGroup 
2012/12/07 14:01:36 INFO  - jmeter.engine.StandardJMeterEngine: Starting 10 threads for group HitBPP_ThreadGroup. 
2012/12/07 14:01:36 INFO  - jmeter.engine.StandardJMeterEngine: Thread will continue on error 
2012/12/07 14:01:36 INFO  - kg.apc.jmeter.threads.AbstractSimpleThreadGroup: Starting thread group number 1 threads 10 
2012/12/07 14:01:36 INFO  - jmeter.threads.JMeterThread: jmeterthread.startearlier=true (see jmeter.properties) 
2012/12/07 14:01:36 INFO  - jmeter.threads.JMeterThread: Running PostProcessors in forward order 
2012/12/07 14:01:36 INFO  - jmeter.threads.JMeterThread: Thread started: HitBPP_ThreadGroup 1-1 
2012/12/07 14:01:36 INFO  - kg.apc.jmeter.threads.AbstractSimpleThreadGroup: Started thread group number 1 
2012/12/07 14:01:36 INFO  - jmeter.engine.StandardJMeterEngine: All thread groups have been started 
2012/12/07 14:01:37 INFO  - jmeter.threads.JMeterThread: Thread started: HitBPP_ThreadGroup 1-2 
2012/12/07 14:01:38 INFO  - jmeter.threads.JMeterThread: Thread started: HitBPP_ThreadGroup 1-3 
2012/12/07 14:01:39 INFO  - jmeter.samplers.SampleResult: Note: Sample TimeStamps are START times 
2012/12/07 14:01:39 INFO  - jmeter.samplers.SampleResult: sampleresult.default.encoding is set to ISO-8859-1 
2012/12/07 14:01:39 INFO  - jmeter.samplers.SampleResult: sampleresult.useNanoTime=true 
2012/12/07 14:01:39 INFO  - jmeter.samplers.SampleResult: sampleresult.nanoThreadSleep=5000 
2012/12/07 14:01:39 INFO  - jmeter.threads.JMeterThread: Thread started: HitBPP_ThreadGroup 1-4 
2012/12/07 14:01:40 INFO  - jmeter.threads.JMeterThread: Thread started: HitBPP_ThreadGroup 1-5 
2012/12/07 14:01:41 INFO  - jmeter.protocol.http.sampler.HTTPJavaImpl: Maximum connection retries = 10 
2012/12/07 14:02:08 ERROR - jmeter.protocol.http.sampler.HTTPJavaImpl: readResponse: java.io.IOException: Server returned HTTP response code: 503 for URL: http://ec2.insiderpages.com/b/3709520008/jos-sew--so-quilting-montgomery 
2012/12/07 14:02:08 ERROR - jmeter.protocol.http.sampler.HTTPJavaImpl: Cause: java.io.IOException: Server returned HTTP response code: 503 for URL: http://ec2.insiderpages.com/b/3709520008/jos-sew--so-quilting-montgomery 
2012/12/07 14:02:08 INFO  - jmeter.protocol.http.sampler.HTTPJavaImpl: Error Response Code: 503, Server sent no Errorpage 
2012/12/07 14:02:08 ERROR - jmeter.protocol.http.sampler.HTTPJavaImpl: readResponse: java.io.IOException: Server returned HTTP response code: 503 for URL: http://ec2.insiderpages.com/b/3709840383/gospel-center-church-phoenix 
2012/12/07 14:02:08 ERROR - jmeter.protocol.http.sampler.HTTPJavaImpl: Cause: java.io.IOException: Server returned HTTP response code: 503 for URL: http://ec2.insiderpages.com/b/3709840383/gospel-center-church-phoenix 
2012/12/07 14:02:08 INFO  - jmeter.protocol.http.sampler.HTTPJavaImpl: Error Response Code: 503, Server sent no Errorpage 
2012/12/07 14:02:08 ERROR - jmeter.protocol.http.sampler.HTTPJavaImpl: readResponse: java.io.IOException: Server returned HTTP response code: 503 for URL: http://ec2.insiderpages.com/b/3709719556 
2012/12/07 14:02:08 ERROR - jmeter.protocol.http.sampler.HTTPJavaImpl: Cause: java.io.IOException: Server returned HTTP response code: 503 for URL: http://ec2.insiderpages.com/b/3709719556 
2012/12/07 14:02:08 INFO  - jmeter.protocol.http.sampler.HTTPJavaImpl: Error Response Code: 503, Server sent no Errorpage 
2012/12/07 14:02:08 ERROR - jmeter.protocol.http.sampler.HTTPJavaImpl: readResponse: java.io.IOException: Server returned HTTP response code: 503 for URL: http://ec2.insiderpages.com/b/3710358781/wachovia-mortgage-ctr-napa 
2012/12/07 14:02:08 ERROR - jmeter.protocol.http.sampler.HTTPJavaImpl: Cause: java.io.IOException: Server returned HTTP response code: 503 for URL: http://ec2.insiderpages.com/b/3710358781/wachovia-mortgage-ctr-napa 
2012/12/07 14:02:08 INFO  - jmeter.protocol.http.sampler.HTTPJavaImpl: Error Response Code: 503, Server sent no Errorpage 
2012/12/07 14:02:08 ERROR - jmeter.protocol.http.sampler.HTTPJavaImpl: readResponse: java.io.IOException: Server returned HTTP response code: 503 for URL: http://ec2.insiderpages.com/b/3709678749/rentacenter-fordyce 
2012/12/07 14:02:08 ERROR - jmeter.protocol.http.sampler.HTTPJavaImpl: Cause: java.io.IOException: Server returned HTTP response code: 503 for URL: http://ec2.insiderpages.com/b/3709678749/rentacenter-fordyce 
2012/12/07 14:02:08 INFO  - jmeter.protocol.http.sampler.HTTPJavaImpl: Error Response Code: 503, Server sent no Errorpage 
2012/12/07 14:02:11 INFO  - jmeter.threads.JMeterThread: Thread started: HitBPP_ThreadGroup 1-6 
2012/12/07 14:02:12 INFO  - jmeter.threads.JMeterThread: Thread started: HitBPP_ThreadGroup 1-7 
2012/12/07 14:02:13 INFO  - jmeter.threads.JMeterThread: Thread started: HitBPP_ThreadGroup 1-8 
2012/12/07 14:02:14 INFO  - jmeter.threads.JMeterThread: Thread started: HitBPP_ThreadGroup 1-9 
2012/12/07 14:02:15 INFO  - jmeter.threads.JMeterThread: Thread started: HitBPP_ThreadGroup 1-10 
2012/12/07 14:02:52 ERROR - jmeter.protocol.http.sampler.HTTPJavaImpl: readResponse: java.io.IOException: Server returned HTTP response code: 500 for URL: http://ec2.insiderpages.com/b/3709442408/anniston-safe--lock-co-anniston 
2012/12/07 14:02:52 ERROR - jmeter.protocol.http.sampler.HTTPJavaImpl: Cause: java.io.IOException: Server returned HTTP response code: 500 for URL: http://ec2.insiderpages.com/b/3709442408/anniston-safe--lock-co-anniston 
2012/12/07 14:02:52 INFO  - jmeter.protocol.http.sampler.HTTPJavaImpl: Error Response Code: 500 
2012/12/07 14:03:13 INFO  - jmeter.protocol.http.sampler.HTTPJavaImpl: Error Response Code: 404 
2012/12/07 14:05:28 ERROR - jmeter.protocol.http.sampler.HTTPJavaImpl: readResponse: java.io.IOException: Server returned HTTP response code: 500 for URL: http://ec2.insiderpages.com/b/3710337327/sylvan-learning-ctr-corona 
2012/12/07 14:05:28 ERROR - jmeter.protocol.http.sampler.HTTPJavaImpl: Cause: java.io.IOException: Server returned HTTP response code: 500 for URL: http://ec2.insiderpages.com/b/3710337327/sylvan-learning-ctr-corona 
2012/12/07 14:05:28 INFO  - jmeter.protocol.http.sampler.HTTPJavaImpl: Error Response Code: 500 
2012/12/07 14:06:06 ERROR - jmeter.protocol.http.sampler.HTTPJavaImpl: readResponse: java.io.IOException: Server returned HTTP response code: 500 for URL: http://ec2.insiderpages.com/b/3709493381/golden-living-ctroneonta-oneonta 
2012/12/07 14:06:06 ERROR - jmeter.protocol.http.sampler.HTTPJavaImpl: Cause: java.io.IOException: Server returned HTTP response code: 500 for URL: http://ec2.insiderpages.com/b/3709493381/golden-living-ctroneonta-oneonta 
2012/12/07 14:06:06 INFO  - jmeter.protocol.http.sampler.HTTPJavaImpl: Error Response Code: 500 
2012/12/07 14:07:16 ERROR - jmeter.protocol.http.sampler.HTTPJavaImpl: readResponse: java.io.IOException: Server returned HTTP response code: 500 for URL: http://ec2.insiderpages.com/b/3709891417/servicemaster-clean-tucson-2 
2012/12/07 14:07:16 ERROR - jmeter.protocol.http.sampler.HTTPJavaImpl: Cause: java.io.IOException: Server returned HTTP response code: 500 for URL: http://ec2.insiderpages.com/b/3709891417/servicemaster-clean-tucson-2 
2012/12/07 14:07:16 INFO  - jmeter.protocol.http.sampler.HTTPJavaImpl: Error Response Code: 500 
2012/12/07 14:07:50 ERROR - jmeter.protocol.http.sampler.HTTPJavaImpl: readResponse: java.io.IOException: Server returned HTTP response code: 500 for URL: http://ec2.insiderpages.com/b/3709664669/jonesboro-winnelson-co-jonesboro 
2012/12/07 14:07:50 ERROR - jmeter.protocol.http.sampler.HTTPJavaImpl: Cause: java.io.IOException: Server returned HTTP response code: 500 for URL: http://ec2.insiderpages.com/b/3709664669/jonesboro-winnelson-co-jonesboro 
2012/12/07 14:07:50 INFO  - jmeter.protocol.http.sampler.HTTPJavaImpl: Error Response Code: 500 
2012/12/07 14:10:55 ERROR - jmeter.protocol.http.sampler.HTTPJavaImpl: readResponse: java.io.IOException: Server returned HTTP response code: 500 for URL: http://ec2.insiderpages.com/b/3710164053/flour-garden-bakery-grass-valley 
2012/12/07 14:10:55 ERROR - jmeter.protocol.http.sampler.HTTPJavaImpl: Cause: java.io.IOException: Server returned HTTP response code: 500 for URL: http://ec2.insiderpages.com/b/3710164053/flour-garden-bakery-grass-valley 
2012/12/07 14:10:55 INFO  - jmeter.protocol.http.sampler.HTTPJavaImpl: Error Response Code: 500 
2012/12/07 14:15:22 ERROR - jmeter.protocol.http.sampler.HTTPJavaImpl: readResponse: java.io.IOException: Server returned HTTP response code: 500 for URL: http://ec2.insiderpages.com/b/3710221070/hartshorn-tv-appliance-corona 
2012/12/07 14:15:22 ERROR - jmeter.protocol.http.sampler.HTTPJavaImpl: Cause: java.io.IOException: Server returned HTTP response code: 500 for URL: http://ec2.insiderpages.com/b/3710221070/hartshorn-tv-appliance-corona 
2012/12/07 14:15:22 INFO  - jmeter.protocol.http.sampler.HTTPJavaImpl: Error Response Code: 500 
2012/12/07 14:17:06 ERROR - jmeter.protocol.http.sampler.HTTPJavaImpl: readResponse: java.io.IOException: Server returned HTTP response code: 500 for URL: http://ec2.insiderpages.com/b/3709630144/hayes-cleaners-huntsville-1 
2012/12/07 14:17:06 ERROR - jmeter.protocol.http.sampler.HTTPJavaImpl: Cause: java.io.IOException: Server returned HTTP response code: 500 for URL: http://ec2.insiderpages.com/b/3709630144/hayes-cleaners-huntsville-1 
2012/12/07 14:17:06 INFO  - jmeter.protocol.http.sampler.HTTPJavaImpl: Error Response Code: 500 
2012/12/07 14:17:17 INFO  - jmeter.threads.JMeterThread: Thread finished: HitBPP_ThreadGroup 1-1 
2012/12/07 14:17:17 INFO  - jmeter.threads.JMeterThread: Thread finished: HitBPP_ThreadGroup 1-2 
2012/12/07 14:17:18 INFO  - jmeter.threads.JMeterThread: Thread finished: HitBPP_ThreadGroup 1-7 
2012/12/07 14:17:18 INFO  - jmeter.threads.JMeterThread: Thread finished: HitBPP_ThreadGroup 1-5 
2012/12/07 14:17:18 INFO  - jmeter.threads.JMeterThread: Thread finished: HitBPP_ThreadGroup 1-6 
2012/12/07 14:17:18 INFO  - jmeter.threads.JMeterThread: Thread finished: HitBPP_ThreadGroup 1-8 
2012/12/07 14:17:18 INFO  - jmeter.threads.JMeterThread: Thread finished: HitBPP_ThreadGroup 1-3 
2012/12/07 14:17:18 INFO  - jmeter.threads.JMeterThread: Thread finished: HitBPP_ThreadGroup 1-4 
2012/12/07 14:17:19 INFO  - jmeter.threads.JMeterThread: Thread finished: HitBPP_ThreadGroup 1-10 
2012/12/07 14:17:20 INFO  - jmeter.threads.JMeterThread: Thread finished: HitBPP_ThreadGroup 1-9 
2012/12/07 14:17:20 INFO  - jmeter.engine.StandardJMeterEngine: Notifying test listeners of end of test 
